"../../../Engine/Content/EditorBlueprintResources/StandardMacros.uasset" 0
"../../../../../Unreal_Projects/Legend-of-the-Tower-V2/Content/Player/CameraClamp.uasset" 1
"../../../../../Unreal_Projects/Legend-of-the-Tower-V2/Content/AI/Struct_Runner.uasset" 2
"../../../../../Unreal_Projects/Legend-of-the-Tower-V2/Content/AI/Skeleton_Outlaw/Character/SkeletonOutlaw_Skeleton.uasset" 3
"../../../../../Unreal_Projects/Legend-of-the-Tower-V2/Content/AI/Skeleton_Outlaw/Animations/SkeletonOutlaw_Run00.uasset" 4
"../../../../../Unreal_Projects/Legend-of-the-Tower-V2/Content/AI/Skeleton_Outlaw/Animations/Skeleton_Anim_BP.uasset" 5
"../../../../../Unreal_Projects/Legend-of-the-Tower-V2/Content/AI/Beast_Model/Beast_Walking_Skeleton.uasset" 6
"../../../../../Unreal_Projects/Legend-of-the-Tower-V2/Content/AI/Beast_Model/Beast_Walking_Anim_mixamo_com.uasset" 7
"../../../../../Unreal_Projects/Legend-of-the-Tower-V2/Content/AI/Beast_Model/maria_specular.uasset" 8
"../../../../../Unreal_Projects/Legend-of-the-Tower-V2/Content/AI/Beast_Model/MAW_diffuse.uasset" 9
"../../../../../Unreal_Projects/Legend-of-the-Tower-V2/Content/AI/Beast_Model/MAW_glow.uasset" 10
"../../../../../Unreal_Projects/Legend-of-the-Tower-V2/Content/AI/Beast_Model/MAW_normal.uasset" 11
"../../../../../Unreal_Projects/Legend-of-the-Tower-V2/Content/AI/Beast_Model/MAW_MAT.uasset" 12
"../../../../../Unreal_Projects/Legend-of-the-Tower-V2/Content/AI/Beast_Model/Beast_Walking_PhysicsAsset.uasset" 13
"../../../../../Unreal_Projects/Legend-of-the-Tower-V2/Content/AI/Beast_Model/Beast_Walking.uasset" 14
"../../../../../Unreal_Projects/Legend-of-the-Tower-V2/Content/AI/BP_Beast.uasset" 15
"../../../../../Unreal_Projects/Legend-of-the-Tower-V2/Content/AI/Parasite_Model/Mutant_Run_Skeleton.uasset" 16
"../../../../../Unreal_Projects/Legend-of-the-Tower-V2/Content/AI/Parasite_Model/Mutant_Run_Anim_mixamo_com.uasset" 17
"../../../../../Unreal_Projects/Legend-of-the-Tower-V2/Content/AI/Parasite_Model/parasiteZombie_diffuse.uasset" 18
"../../../../../Unreal_Projects/Legend-of-the-Tower-V2/Content/AI/Parasite_Model/parasiteZombie_normal.uasset" 19
"../../../../../Unreal_Projects/Legend-of-the-Tower-V2/Content/AI/Parasite_Model/parasiteZombie_specular.uasset" 20
"../../../../../Unreal_Projects/Legend-of-the-Tower-V2/Content/AI/Parasite_Model/parasitezombie_Material.uasset" 21
"../../../../../Unreal_Projects/Legend-of-the-Tower-V2/Content/AI/BP_Mutant.uasset" 22
"../../../../../Unreal_Projects/Legend-of-the-Tower-V2/Content/AI/Zombie_Model/Zombie_Running_Skeleton.uasset" 23
"../../../../../Unreal_Projects/Legend-of-the-Tower-V2/Content/AI/Zombie_Model/Zombie_Running_Anim.uasset" 24
"../../../../../Unreal_Projects/Legend-of-the-Tower-V2/Content/AI/Zombie_Model/Zombie_diffuse.uasset" 25
"../../../../../Unreal_Projects/Legend-of-the-Tower-V2/Content/AI/Zombie_Model/Zombie_normal.uasset" 26
"../../../../../Unreal_Projects/Legend-of-the-Tower-V2/Content/AI/Zombie_Model/Zombie_specular.uasset" 27
"../../../../../Unreal_Projects/Legend-of-the-Tower-V2/Content/AI/Zombie_Model/Zombie_COL.uasset" 28
"../../../../../Unreal_Projects/Legend-of-the-Tower-V2/Content/AI/Zombie_Model/Zombie_Running_PhysicsAsset.uasset" 29
"../../../../../Unreal_Projects/Legend-of-the-Tower-V2/Content/AI/Zombie_Model/Zombie_Running.uasset" 30
"../../../../../Unreal_Projects/Legend-of-the-Tower-V2/Content/AI/BP_Zombie.uasset" 31
"../../../../../Unreal_Projects/Legend-of-the-Tower-V2/Content/AI/Parasite_Model/Mutant_Run_PhysicsAsset.uasset" 32
"../../../../../Unreal_Projects/Legend-of-the-Tower-V2/Content/AI/Parasite_Model/Mutant_Run.uasset" 33
"../../../../../Unreal_Projects/Legend-of-the-Tower-V2/Content/AI/RunnerTypes.uasset" 34
"../../../../../Unreal_Projects/Legend-of-the-Tower-V2/Content/AI/Data_Enemy.uasset" 35
"../../../../../Unreal_Projects/Legend-of-the-Tower-V2/Content/AI/Struct_Wave.uasset" 36
"../../../../../Unreal_Projects/Legend-of-the-Tower-V2/Content/AI/Data_Wave.uasset" 37
"../../../../../Unreal_Projects/Legend-of-the-Tower-V2/Content/AI/Weapon_Assets/Created_Assets/defaultMat.uasset" 38
"../../../../../Unreal_Projects/Legend-of-the-Tower-V2/Content/AI/Weapon_Assets/Created_Assets/ArrowV1.uasset" 39
"../../../../../Unreal_Projects/Legend-of-the-Tower-V2/Content/StarterContent/Textures/T_Burst_M.uasset" 40
"../../../../../Unreal_Projects/Legend-of-the-Tower-V2/Content/StarterContent/Particles/Materials/M_Burst.uasset" 41
"../../../../../Unreal_Projects/Legend-of-the-Tower-V2/Content/StarterContent/Textures/T_Explosion_SubUV.uasset" 42
"../../../../../Unreal_Projects/Legend-of-the-Tower-V2/Content/StarterContent/Particles/Materials/M_explosion_subUV.uasset" 43
"../../../../../Unreal_Projects/Legend-of-the-Tower-V2/Content/StarterContent/Particles/Materials/m_flare_01.uasset" 44
"../../../Engine/Content/Functions/Engine_MaterialFunctions01/Gradient/RadialGradient.uasset" 45
"../../../../../Unreal_Projects/Legend-of-the-Tower-V2/Content/StarterContent/Particles/Materials/M_radial_ramp.uasset" 46
"../../../../../Unreal_Projects/Legend-of-the-Tower-V2/Content/StarterContent/Textures/T_Smoke_SubUV.uasset" 47
"../../../../../Unreal_Projects/Legend-of-the-Tower-V2/Content/StarterContent/Textures/T_Smoke_Tiled_D.uasset" 48
"../../../../../Unreal_Projects/Legend-of-the-Tower-V2/Content/StarterContent/Particles/Materials/M_smoke_subUV.uasset" 49
"../../../../../Unreal_Projects/Legend-of-the-Tower-V2/Content/StarterContent/Particles/P_Explosion.uasset" 50
"../../../../../Unreal_Projects/Legend-of-the-Tower-V2/Content/StarterContent/Particles/Materials/M_Radial_Gradient.uasset" 51
"../../../../../Unreal_Projects/Legend-of-the-Tower-V2/Content/StarterContent/Textures/T_Spark_Core.uasset" 52
"../../../../../Unreal_Projects/Legend-of-the-Tower-V2/Content/StarterContent/Particles/Materials/M_Spark.uasset" 53
"../../../../../Unreal_Projects/Legend-of-the-Tower-V2/Content/StarterContent/Particles/P_Sparks.uasset" 54
"../../../../../Unreal_Projects/Legend-of-the-Tower-V2/Content/StarterContent/Particles/P_Steam_Lit.uasset" 55
"../../../../../Unreal_Projects/Legend-of-the-Tower-V2/Content/Tower/Struct_Tower.uasset" 56
"../../../Engine/Content/Functions/Engine_MaterialFunctions01/Opacity/CameraDepthFade.uasset" 57
"../../../Engine/Content/EngineMaterials/T_Default_Material_Grid_M.uasset" 58
"../../../Engine/Content/EngineMaterials/T_Default_Material_Grid_N.uasset" 59
"../../../Engine/Content/EngineMaterials/WorldGridMaterial.uasset" 60
"../../../../../Unreal_Projects/Legend-of-the-Tower-V2/Content/Tower/TowerMeshFolder/ballista1.uasset" 61
"../../../../../Unreal_Projects/Legend-of-the-Tower-V2/Content/Tower/TowerMeshFolder/ballista2.uasset" 62
"../../../../../Unreal_Projects/Legend-of-the-Tower-V2/Content/Tower/TowerMeshFolder/ballistaarrow.uasset" 63
"../../../../../Unreal_Projects/Legend-of-the-Tower-V2/Content/Tower/TowerMeshFolder/Canonball.uasset" 64
"../../../../../Unreal_Projects/Legend-of-the-Tower-V2/Content/Tower/TowerMeshFolder/CanonV1Fix.uasset" 65
"../../../../../Unreal_Projects/Legend-of-the-Tower-V2/Content/Tower/TowerMeshFolder/CanonV2.uasset" 66
"../../../../../Unreal_Projects/Legend-of-the-Tower-V2/Content/Tower/TowerMeshFolder/Material.uasset" 67
"../../../../../Unreal_Projects/Legend-of-the-Tower-V2/Content/Tower/TowerMeshFolder/NewArcherTower2__2_.uasset" 68
"../../../../../Unreal_Projects/Legend-of-the-Tower-V2/Content/Tower/TowerMeshFolder/NewArcherTower__2_.uasset" 69
"../../../../../Unreal_Projects/Legend-of-the-Tower-V2/Content/Tower/TowerMeshFolder/WizardTower1_0.uasset" 70
"../../../../../Unreal_Projects/Legend-of-the-Tower-V2/Content/Tower/Data_Tower.uasset" 71
"../../../../../Unreal_Projects/Legend-of-the-Tower-V2/Content/UI/W_Overlay.uasset" 72
"../../../../../Unreal_Projects/Legend-of-the-Tower-V2/Content/UI/W_GameOver.uasset" 73
"../../../../../Unreal_Projects/Legend-of-the-Tower-V2/Content/AI/BP_Spawner.uasset" 74
"../../../../../Unreal_Projects/Legend-of-the-Tower-V2/Content/AI/RunnerBlackboard.uasset" 75
"../../../../../Unreal_Projects/Legend-of-the-Tower-V2/Content/AI/BTT_RunnerMoveTo.uasset" 76
"../../../../../Unreal_Projects/Legend-of-the-Tower-V2/Content/AI/RunnerTree.uasset" 77
"../../../../../Unreal_Projects/Legend-of-the-Tower-V2/Content/AI/BP_Controller.uasset" 78
"../../../../../Unreal_Projects/Legend-of-the-Tower-V2/Content/AI/Skeleton_Outlaw/Textures/SkeletonOutlaw00.uasset" 79
"../../../../../Unreal_Projects/Legend-of-the-Tower-V2/Content/AI/Skeleton_Outlaw/Character/Skeleton__Atlas_png.uasset" 80
"../../../../../Unreal_Projects/Legend-of-the-Tower-V2/Content/UI/W_HealthBar.uasset" 81
"../../../../../Unreal_Projects/Legend-of-the-Tower-V2/Content/AI/BP_Enemy.uasset" 82
"../../../../../Unreal_Projects/Legend-of-the-Tower-V2/Content/StarterContent/Materials/M_Basic_Wall.uasset" 83
"../../../../../Unreal_Projects/Legend-of-the-Tower-V2/Content/StarterContent/Shapes/Shape_Cube.uasset" 84
"../../../../../Unreal_Projects/Legend-of-the-Tower-V2/Content/Tower/AttackTypes.uasset" 85
"../../../../../Unreal_Projects/Legend-of-the-Tower-V2/Content/Tower/BP_Projectile.uasset" 86
"../../../../../Unreal_Projects/Legend-of-the-Tower-V2/Content/UI/Upgrade.uasset" 87
"../../../../../Unreal_Projects/Legend-of-the-Tower-V2/Content/Tower/BP_Tower.uasset" 88
"../../../../../Unreal_Projects/Legend-of-the-Tower-V2/Content/Tower/TowerMeshFolder/GreenTranslucent.uasset" 89
"../../../../../Unreal_Projects/Legend-of-the-Tower-V2/Content/Tower/TowerMeshFolder/RedTranslucent.uasset" 90
"../../../../../Unreal_Projects/Legend-of-the-Tower-V2/Content/Geometry/Meshes/CubeMaterial.uasset" 91
"../../../../../Unreal_Projects/Legend-of-the-Tower-V2/Content/Geometry/Meshes/1M_Cube.uasset" 92
"../../../../../Unreal_Projects/Legend-of-the-Tower-V2/Content/Tower/BP_BuilderTower.uasset" 93
"../../../../../Unreal_Projects/Legend-of-the-Tower-V2/Content/Player/PlayerCameraPawn.uasset" 94
"../../../../../Unreal_Projects/Legend-of-the-Tower-V2/Content/Player/TDPlayerController.uasset" 95
"../../../../../Unreal_Projects/Legend-of-the-Tower-V2/Content/GM_TowerDefense.uasset" 96
"../../../../../Unreal_Projects/Legend-of-the-Tower-V2/Content/TowerDefenseGameMode.uasset" 97
"../../../../../Unreal_Projects/Legend-of-the-Tower-V2/Content/AI/AIRunner.uasset" 98
"../../../../../Unreal_Projects/Legend-of-the-Tower-V2/Content/AI/Beast_BP.uasset" 99
"../../../../../Unreal_Projects/Legend-of-the-Tower-V2/Content/AI/Mutant_Runner_BP.uasset" 100
"../../../../../Unreal_Projects/Legend-of-the-Tower-V2/Content/AI/RunnerController.uasset" 101
"../../../../../Unreal_Projects/Legend-of-the-Tower-V2/Content/AI/RunnerTypesTable.uasset" 102
"../../../../../Unreal_Projects/Legend-of-the-Tower-V2/Content/AI/Spawner.uasset" 103
"../../../../../Unreal_Projects/Legend-of-the-Tower-V2/Content/AI/WaveStructure.uasset" 104
"../../../../../Unreal_Projects/Legend-of-the-Tower-V2/Content/AI/WaveTable.uasset" 105
"../../../../../Unreal_Projects/Legend-of-the-Tower-V2/Content/AI/Zombie_BP.uasset" 106
"../../../../../Unreal_Projects/Legend-of-the-Tower-V2/Content/AI/Beast_Model/Beast_Anim_BP.uasset" 107
"../../../../../Unreal_Projects/Legend-of-the-Tower-V2/Content/AI/Beast_Model/Beast_Walking_Anim_Take_001.uasset" 108
"../../../../../Unreal_Projects/Legend-of-the-Tower-V2/Content/AI/Parasite_Model/Mutant_Run_Anim_Take_001.uasset" 109
"../../../../../Unreal_Projects/Legend-of-the-Tower-V2/Content/AI/Parasite_Model/Mutatn_Anim_BP.uasset" 110
"../../../../../Unreal_Projects/Legend-of-the-Tower-V2/Content/AI/Skeleton_Outlaw/Animations/SkeletonOutlaw_Attack00.uasset" 111
"../../../../../Unreal_Projects/Legend-of-the-Tower-V2/Content/AI/Skeleton_Outlaw/Animations/SkeletonOutlaw_Attack01.uasset" 112
"../../../../../Unreal_Projects/Legend-of-the-Tower-V2/Content/AI/Skeleton_Outlaw/Animations/SkeletonOutlaw_Attack02.uasset" 113
"../../../../../Unreal_Projects/Legend-of-the-Tower-V2/Content/AI/Skeleton_Outlaw/Animations/SkeletonOutlaw_Damage00.uasset" 114
"../../../../../Unreal_Projects/Legend-of-the-Tower-V2/Content/AI/Skeleton_Outlaw/Animations/SkeletonOutlaw_Damage01.uasset" 115
"../../../../../Unreal_Projects/Legend-of-the-Tower-V2/Content/AI/Skeleton_Outlaw/Animations/SkeletonOutlaw_Dead00.uasset" 116
"../../../../../Unreal_Projects/Legend-of-the-Tower-V2/Content/AI/Skeleton_Outlaw/Animations/SkeletonOutlaw_Dead01.uasset" 117
"../../../../../Unreal_Projects/Legend-of-the-Tower-V2/Content/AI/Skeleton_Outlaw/Animations/SkeletonOutlaw_Idle00.uasset" 118
"../../../../../Unreal_Projects/Legend-of-the-Tower-V2/Content/AI/Skeleton_Outlaw/Animations/SkeletonOutlaw_Idle01.uasset" 119
"../../../../../Unreal_Projects/Legend-of-the-Tower-V2/Content/AI/Skeleton_Outlaw/Animations/SkeletonOutlaw_Idle02.uasset" 120
"../../../../../Unreal_Projects/Legend-of-the-Tower-V2/Content/AI/Skeleton_Outlaw/Animations/SkeletonOutlaw_Jump00.uasset" 121
"../../../../../Unreal_Projects/Legend-of-the-Tower-V2/Content/AI/Skeleton_Outlaw/Animations/SkeletonOutlaw_Jump00__NoRootMotion_.uasset" 122
"../../../../../Unreal_Projects/Legend-of-the-Tower-V2/Content/AI/Skeleton_Outlaw/Animations/SkeletonOutlaw_Walk00.uasset" 123
"../../../../../Unreal_Projects/Legend-of-the-Tower-V2/Content/AI/Skeleton_Outlaw/Textures/Axe00.uasset" 124
"../../../../../Unreal_Projects/Legend-of-the-Tower-V2/Content/AI/Skeleton_Outlaw/Character/Axes__Untitled_001.uasset" 125
"../../../../../Unreal_Projects/Legend-of-the-Tower-V2/Content/AI/Skeleton_Outlaw/Character/SkeletonOutlaw.uasset" 126
"../../../../../Unreal_Projects/Legend-of-the-Tower-V2/Content/AI/Skeleton_Outlaw/Character/SkeletonOutlaw_PhysicsAsset.uasset" 127
"../../../../../Unreal_Projects/Legend-of-the-Tower-V2/Content/AI/Weapon_Assets/Fantasy_Weapons_Pack/Textures/Arrow00_diff.uasset" 128
"../../../../../Unreal_Projects/Legend-of-the-Tower-V2/Content/AI/Weapon_Assets/Fantasy_Weapons_Pack/Meshes/Arrow00_mat.uasset" 129
"../../../../../Unreal_Projects/Legend-of-the-Tower-V2/Content/AI/Weapon_Assets/Fantasy_Weapons_Pack/Meshes/Arrow00_mesh.uasset" 130
"../../../../../Unreal_Projects/Legend-of-the-Tower-V2/Content/AI/Weapon_Assets/Fantasy_Weapons_Pack/Meshes/Axe00_mat.uasset" 131
"../../../../../Unreal_Projects/Legend-of-the-Tower-V2/Content/AI/Weapon_Assets/Fantasy_Weapons_Pack/Meshes/Axe00_mesh.uasset" 132
"../../../../../Unreal_Projects/Legend-of-the-Tower-V2/Content/AI/Weapon_Assets/Fantasy_Weapons_Pack/Meshes/Bow00_mat.uasset" 133
"../../../../../Unreal_Projects/Legend-of-the-Tower-V2/Content/AI/Weapon_Assets/Fantasy_Weapons_Pack/Meshes/Bow00_mesh.uasset" 134
"../../../../../Unreal_Projects/Legend-of-the-Tower-V2/Content/AI/Weapon_Assets/Fantasy_Weapons_Pack/Meshes/Knife00_mat.uasset" 135
"../../../../../Unreal_Projects/Legend-of-the-Tower-V2/Content/AI/Weapon_Assets/Fantasy_Weapons_Pack/Meshes/Knife00_mesh.uasset" 136
"../../../../../Unreal_Projects/Legend-of-the-Tower-V2/Content/AI/Weapon_Assets/Fantasy_Weapons_Pack/Meshes/Mace00_mat.uasset" 137
"../../../../../Unreal_Projects/Legend-of-the-Tower-V2/Content/AI/Weapon_Assets/Fantasy_Weapons_Pack/Meshes/Mace00_mesh.uasset" 138
"../../../../../Unreal_Projects/Legend-of-the-Tower-V2/Content/AI/Weapon_Assets/Fantasy_Weapons_Pack/Meshes/Shield00_mat.uasset" 139
"../../../../../Unreal_Projects/Legend-of-the-Tower-V2/Content/AI/Weapon_Assets/Fantasy_Weapons_Pack/Meshes/Shield00_mesh.uasset" 140
"../../../../../Unreal_Projects/Legend-of-the-Tower-V2/Content/AI/Weapon_Assets/Fantasy_Weapons_Pack/Meshes/Staff00_mat.uasset" 141
"../../../../../Unreal_Projects/Legend-of-the-Tower-V2/Content/AI/Weapon_Assets/Fantasy_Weapons_Pack/Meshes/Staff00_mesh.uasset" 142
"../../../../../Unreal_Projects/Legend-of-the-Tower-V2/Content/AI/Weapon_Assets/Fantasy_Weapons_Pack/Meshes/Sword00_mat.uasset" 143
"../../../../../Unreal_Projects/Legend-of-the-Tower-V2/Content/AI/Weapon_Assets/Fantasy_Weapons_Pack/Meshes/Sword00_mesh.uasset" 144
"../../../../../Unreal_Projects/Legend-of-the-Tower-V2/Content/AI/Weapon_Assets/Fantasy_Weapons_Pack/Textures/Axe00_diff.uasset" 145
"../../../../../Unreal_Projects/Legend-of-the-Tower-V2/Content/AI/Weapon_Assets/Fantasy_Weapons_Pack/Textures/Bow00_diff.uasset" 146
"../../../../../Unreal_Projects/Legend-of-the-Tower-V2/Content/AI/Weapon_Assets/Fantasy_Weapons_Pack/Textures/Knife00_diff.uasset" 147
"../../../../../Unreal_Projects/Legend-of-the-Tower-V2/Content/AI/Weapon_Assets/Fantasy_Weapons_Pack/Textures/Mace00_diff.uasset" 148
"../../../../../Unreal_Projects/Legend-of-the-Tower-V2/Content/AI/Weapon_Assets/Fantasy_Weapons_Pack/Textures/Shield00_diff.uasset" 149
"../../../../../Unreal_Projects/Legend-of-the-Tower-V2/Content/AI/Weapon_Assets/Fantasy_Weapons_Pack/Textures/Staff00_diff.uasset" 150
"../../../../../Unreal_Projects/Legend-of-the-Tower-V2/Content/AI/Weapon_Assets/Fantasy_Weapons_Pack/Textures/Sword00_diff.uasset" 151
"../../../../../Unreal_Projects/Legend-of-the-Tower-V2/Content/AI/Weapon_Assets/Melee_Weapons_Pack/Battleaxe.uasset" 152
"../../../../../Unreal_Projects/Legend-of-the-Tower-V2/Content/AI/Weapon_Assets/Melee_Weapons_Pack/Broadsword.uasset" 153
"../../../../../Unreal_Projects/Legend-of-the-Tower-V2/Content/AI/Weapon_Assets/Melee_Weapons_Pack/Dagger.uasset" 154
"../../../../../Unreal_Projects/Legend-of-the-Tower-V2/Content/AI/Weapon_Assets/Melee_Weapons_Pack/Handaxe.uasset" 155
"../../../../../Unreal_Projects/Legend-of-the-Tower-V2/Content/AI/Weapon_Assets/Melee_Weapons_Pack/Spear.uasset" 156
"../../../../../Unreal_Projects/Legend-of-the-Tower-V2/Content/AI/Weapon_Assets/Melee_Weapons_Pack/TwoHandedGreatsword.uasset" 157
"../../../../../Unreal_Projects/Legend-of-the-Tower-V2/Content/AI/Weapon_Assets/Melee_Weapons_Pack/WarHammer.uasset" 158
"../../../../../Unreal_Projects/Legend-of-the-Tower-V2/Content/AI/Zombie_Model/Zombie_Anim_BP.uasset" 159
"../../../../../Unreal_Projects/Legend-of-the-Tower-V2/Content/Geometry/Meshes/1M_Cube_Chamfer.uasset" 160
"../../../../../Unreal_Projects/Legend-of-the-Tower-V2/Content/Geometry/Meshes/TemplateFloor.uasset" 161
"../../../../../Unreal_Projects/Legend-of-the-Tower-V2/Content/Mannequin/Character/Mesh/UE4_Mannequin_Skeleton.uasset" 162
"../../../../../Unreal_Projects/Legend-of-the-Tower-V2/Content/Mannequin/Animations/ThirdPersonJump_End.uasset" 163
"../../../../../Unreal_Projects/Legend-of-the-Tower-V2/Content/Map_Assests/Foliage/TexturesSpecularGlossiness/T_Dead_Bush_BaseColor.uasset" 164
"../../../../../Unreal_Projects/Legend-of-the-Tower-V2/Content/Map_Assests/Foliage/TexturesSpecularGlossiness/T_Dead_Bush_Normal.uasset" 165
"../../../../../Unreal_Projects/Legend-of-the-Tower-V2/Content/Map_Assests/Foliage/TexturesSpecularGlossiness/T_Dead_Bush_Opacity.uasset" 166
"../../../../../Unreal_Projects/Legend-of-the-Tower-V2/Content/Map_Assests/Foliage/TexturesSpecularGlossiness/T_Dead_Bush_Specular.uasset" 167
"../../../../../Unreal_Projects/Legend-of-the-Tower-V2/Content/Map_Assests/Foliage/TexturesUnity/T_Dead_Bush_AO.uasset" 168
"../../../../../Unreal_Projects/Legend-of-the-Tower-V2/Content/Map_Assests/Foliage/TexturesUnity/T_Dead_Bush_MetallicRoughness.uasset" 169
"../../../../../Unreal_Projects/Legend-of-the-Tower-V2/Content/Map_Assests/Foliage/FBX/Dead_Bush.uasset" 170
"../../../../../Unreal_Projects/Legend-of-the-Tower-V2/Content/Map_Assests/Foliage/FBX/SM_DeadBush_01.uasset" 171
"../../../../../Unreal_Projects/Legend-of-the-Tower-V2/Content/Map_Assests/Foliage/FBX/SM_DeadBush_03.uasset" 172
"../../../../../Unreal_Projects/Legend-of-the-Tower-V2/Content/Map_Assests/Foliage/TexturesSpecularGlossiness/T_Ferns_Normal.uasset" 173
"../../../../../Unreal_Projects/Legend-of-the-Tower-V2/Content/Map_Assests/Foliage/TexturesSpecularGlossiness/T_Ferns_Specular.uasset" 174
"../../../../../Unreal_Projects/Legend-of-the-Tower-V2/Content/Map_Assests/Foliage/TexturesUnity/T_Ferns_AO.uasset" 175
"../../../../../Unreal_Projects/Legend-of-the-Tower-V2/Content/Map_Assests/Foliage/TexturesUnity/T_Ferns_BaseColorOpacity.uasset" 176
"../../../../../Unreal_Projects/Legend-of-the-Tower-V2/Content/Map_Assests/Foliage/TexturesUnity/T_Ferns_MetallicRoughness.uasset" 177
"../../../../../Unreal_Projects/Legend-of-the-Tower-V2/Content/Map_Assests/Foliage/FBX/Ferns.uasset" 178
"../../../../../Unreal_Projects/Legend-of-the-Tower-V2/Content/Map_Assests/Foliage/FBX/SM_Fern_01.uasset" 179
"../../../../../Unreal_Projects/Legend-of-the-Tower-V2/Content/Map_Assests/Foliage/FBX/SM_Fern_02.uasset" 180
"../../../../../Unreal_Projects/Legend-of-the-Tower-V2/Content/Map_Assests/Foliage/TexturesSpecularGlossiness/T_Grass_AO.uasset" 181
"../../../../../Unreal_Projects/Legend-of-the-Tower-V2/Content/Map_Assests/Foliage/TexturesSpecularGlossiness/T_Grass_Normal.uasset" 182
"../../../../../Unreal_Projects/Legend-of-the-Tower-V2/Content/Map_Assests/Foliage/TexturesSpecularGlossiness/T_Grass_Specular.uasset" 183
"../../../../../Unreal_Projects/Legend-of-the-Tower-V2/Content/Map_Assests/Foliage/TexturesUnity/T_Grass_BaseColorOpacity.uasset" 184
"../../../../../Unreal_Projects/Legend-of-the-Tower-V2/Content/Map_Assests/Foliage/TexturesUnity/T_Grass_MetallicRoughness.uasset" 185
"../../../../../Unreal_Projects/Legend-of-the-Tower-V2/Content/Map_Assests/Foliage/FBX/Grass.uasset" 186
"../../../../../Unreal_Projects/Legend-of-the-Tower-V2/Content/Map_Assests/Foliage/FBX/SM_Grass_01.uasset" 187
"../../../../../Unreal_Projects/Legend-of-the-Tower-V2/Content/Map_Assests/Foliage/FBX/SM_Grass_02.uasset" 188
"../../../../../Unreal_Projects/Legend-of-the-Tower-V2/Content/Map_Assests/Foliage/FBX/SM_Grass_03.uasset" 189
"../../../../../Unreal_Projects/Legend-of-the-Tower-V2/Content/Map_Assests/Foliage/FBX/SM_Grass_04.uasset" 190
"../../../../../Unreal_Projects/Legend-of-the-Tower-V2/Content/Map_Assests/Foliage/FBX/SM_Grass_05.uasset" 191
"../../../../../Unreal_Projects/Legend-of-the-Tower-V2/Content/Map_Assests/Foliage/FBX/SM_Grass_06.uasset" 192
"../../../../../Unreal_Projects/Legend-of-the-Tower-V2/Content/Map_Assests/Foliage/FBX/SM_Grass_07.uasset" 193
"../../../../../Unreal_Projects/Legend-of-the-Tower-V2/Content/Map_Assests/Foliage/FBX/SM_Grass_08.uasset" 194
"../../../../../Unreal_Projects/Legend-of-the-Tower-V2/Content/Map_Assests/Foliage/TexturesSpecularGlossiness/T_Rocks_Glossiness.uasset" 195
"../../../../../Unreal_Projects/Legend-of-the-Tower-V2/Content/Map_Assests/Foliage/TexturesSpecularGlossiness/T_Rocks_Normal.uasset" 196
"../../../../../Unreal_Projects/Legend-of-the-Tower-V2/Content/Map_Assests/Foliage/TexturesUnity/T_Rocks_AO.uasset" 197
"../../../../../Unreal_Projects/Legend-of-the-Tower-V2/Content/Map_Assests/Foliage/TexturesUnity/T_Rocks_BaseColor.uasset" 198
"../../../../../Unreal_Projects/Legend-of-the-Tower-V2/Content/Map_Assests/Foliage/TexturesUnity/T_Rocks_MetallicRoughness.uasset" 199
"../../../../../Unreal_Projects/Legend-of-the-Tower-V2/Content/Map_Assests/Foliage/FBX/Rocks.uasset" 200
"../../../../../Unreal_Projects/Legend-of-the-Tower-V2/Content/Map_Assests/Foliage/FBX/SM_Rock_01.uasset" 201
"../../../../../Unreal_Projects/Legend-of-the-Tower-V2/Content/Map_Assests/Foliage/FBX/SM_Rock_02.uasset" 202
"../../../../../Unreal_Projects/Legend-of-the-Tower-V2/Content/Map_Assests/Foliage/FBX/SM_Rock_03.uasset" 203
"../../../../../Unreal_Projects/Legend-of-the-Tower-V2/Content/Map_Assests/Foliage/FBX/SM_Rock_04.uasset" 204
"../../../../../Unreal_Projects/Legend-of-the-Tower-V2/Content/Map_Assests/Foliage/FBX/SM_Rock_05.uasset" 205
"../../../../../Unreal_Projects/Legend-of-the-Tower-V2/Content/Map_Assests/Foliage/FBX/SM_Small_Rock_01.uasset" 206
"../../../../../Unreal_Projects/Legend-of-the-Tower-V2/Content/Map_Assests/Foliage/FBX/SM_Small_Rock_02.uasset" 207
"../../../../../Unreal_Projects/Legend-of-the-Tower-V2/Content/Map_Assests/Foliage/FBX/SM_Small_Rock_03.uasset" 208
"../../../../../Unreal_Projects/Legend-of-the-Tower-V2/Content/Map_Assests/Foliage/FBX/SM_Small_Rock_04.uasset" 209
"../../../../../Unreal_Projects/Legend-of-the-Tower-V2/Content/Map_Assests/Foliage/FBX/SM_Small_Rock_05.uasset" 210
"../../../../../Unreal_Projects/Legend-of-the-Tower-V2/Content/Map_Assests/Foliage/FBX/SM_Small_Rock_06.uasset" 211
"../../../../../Unreal_Projects/Legend-of-the-Tower-V2/Content/Map_Assests/Foliage/TexturesSpecularGlossiness/T_Big_Rocks_Diffuse.uasset" 212
"../../../../../Unreal_Projects/Legend-of-the-Tower-V2/Content/Map_Assests/Foliage/TexturesSpecularGlossiness/T_Big_Rocks_Glossiness.uasset" 213
"../../../../../Unreal_Projects/Legend-of-the-Tower-V2/Content/Map_Assests/Foliage/TexturesSpecularGlossiness/T_Big_Rocks_NOpenGL.uasset" 214
"../../../../../Unreal_Projects/Legend-of-the-Tower-V2/Content/Map_Assests/Foliage/TexturesSpecularGlossiness/T_Dead_Bush_AO.uasset" 215
"../../../../../Unreal_Projects/Legend-of-the-Tower-V2/Content/Map_Assests/Foliage/TexturesSpecularGlossiness/T_Dead_Bush_Diffuse.uasset" 216
"../../../../../Unreal_Projects/Legend-of-the-Tower-V2/Content/Map_Assests/Foliage/TexturesSpecularGlossiness/T_Dead_Bush_Glossiness.uasset" 217
"../../../../../Unreal_Projects/Legend-of-the-Tower-V2/Content/Map_Assests/Foliage/TexturesSpecularGlossiness/T_Dead_Bush_NOpenGL.uasset" 218
"../../../../../Unreal_Projects/Legend-of-the-Tower-V2/Content/Map_Assests/Foliage/TexturesSpecularGlossiness/T_Ferns_AO.uasset" 219
"../../../../../Unreal_Projects/Legend-of-the-Tower-V2/Content/Map_Assests/Foliage/TexturesSpecularGlossiness/T_Ferns_Diffuse.uasset" 220
"../../../../../Unreal_Projects/Legend-of-the-Tower-V2/Content/Map_Assests/Foliage/TexturesSpecularGlossiness/T_Ferns_Glossiness.uasset" 221
"../../../../../Unreal_Projects/Legend-of-the-Tower-V2/Content/Map_Assests/Foliage/TexturesSpecularGlossiness/T_Ferns_NOpenGL.uasset" 222
"../../../../../Unreal_Projects/Legend-of-the-Tower-V2/Content/Map_Assests/Foliage/TexturesSpecularGlossiness/T_Ferns_Opacity.uasset" 223
"../../../../../Unreal_Projects/Legend-of-the-Tower-V2/Content/Map_Assests/Foliage/TexturesSpecularGlossiness/T_Flat_Rocks_Diffuse.uasset" 224
"../../../../../Unreal_Projects/Legend-of-the-Tower-V2/Content/Map_Assests/Foliage/TexturesSpecularGlossiness/T_Flat_Rocks_NOpenGL.uasset" 225
"../../../../../Unreal_Projects/Legend-of-the-Tower-V2/Content/Map_Assests/Foliage/TexturesSpecularGlossiness/T_Flat_Rocks_Normal.uasset" 226
"../../../../../Unreal_Projects/Legend-of-the-Tower-V2/Content/Map_Assests/Foliage/TexturesSpecularGlossiness/T_Flat_Rocks_Specular.uasset" 227
"../../../../../Unreal_Projects/Legend-of-the-Tower-V2/Content/Map_Assests/Foliage/TexturesSpecularGlossiness/T_Grass_Diffuse.uasset" 228
"../../../../../Unreal_Projects/Legend-of-the-Tower-V2/Content/Map_Assests/Foliage/TexturesSpecularGlossiness/T_Grass_Glossiness.uasset" 229
"../../../../../Unreal_Projects/Legend-of-the-Tower-V2/Content/Map_Assests/Foliage/TexturesSpecularGlossiness/T_Grass_NOpenGL.uasset" 230
"../../../../../Unreal_Projects/Legend-of-the-Tower-V2/Content/Map_Assests/Foliage/TexturesSpecularGlossiness/T_Grass_Opacity.uasset" 231
"../../../../../Unreal_Projects/Legend-of-the-Tower-V2/Content/Map_Assests/Foliage/TexturesSpecularGlossiness/T_Rocks_AO.uasset" 232
"../../../../../Unreal_Projects/Legend-of-the-Tower-V2/Content/Map_Assests/Foliage/TexturesSpecularGlossiness/T_Rocks_Diffuse.uasset" 233
"../../../../../Unreal_Projects/Legend-of-the-Tower-V2/Content/Map_Assests/Foliage/TexturesSpecularGlossiness/T_Rocks_NOpenGL.uasset" 234
"../../../../../Unreal_Projects/Legend-of-the-Tower-V2/Content/Map_Assests/Foliage/TexturesSpecularGlossiness/T_Rocks_Specular.uasset" 235
"../../../../../Unreal_Projects/Legend-of-the-Tower-V2/Content/Map_Assests/Foliage/TexturesUnity/T_Big_Rocks_AO.uasset" 236
"../../../../../Unreal_Projects/Legend-of-the-Tower-V2/Content/Map_Assests/Foliage/TexturesUnity/T_Big_Rocks_NOpenGL.uasset" 237
"../../../../../Unreal_Projects/Legend-of-the-Tower-V2/Content/Map_Assests/Foliage/TexturesUnity/T_Dead_Bush_BaseColorOpacity.uasset" 238
"../../../../../Unreal_Projects/Legend-of-the-Tower-V2/Content/Map_Assests/Foliage/TexturesUnity/T_Dead_Bush_NOpenGL.uasset" 239
"../../../../../Unreal_Projects/Legend-of-the-Tower-V2/Content/Map_Assests/Foliage/TexturesUnity/T_Ferns_NOpenGL.uasset" 240
"../../../../../Unreal_Projects/Legend-of-the-Tower-V2/Content/Map_Assests/Foliage/TexturesUnity/T_Flat_Rocks_AO.uasset" 241
"../../../../../Unreal_Projects/Legend-of-the-Tower-V2/Content/Map_Assests/Foliage/TexturesUnity/T_Flat_Rocks_NOpenGL.uasset" 242
"../../../../../Unreal_Projects/Legend-of-the-Tower-V2/Content/Map_Assests/Foliage/TexturesUnity/T_Grass_AO.uasset" 243
"../../../../../Unreal_Projects/Legend-of-the-Tower-V2/Content/Map_Assests/Foliage/TexturesUnity/T_Grass_NOpenGL.uasset" 244
"../../../../../Unreal_Projects/Legend-of-the-Tower-V2/Content/Map_Assests/Foliage/TexturesUnity/T_Rocks_NOpenGL.uasset" 245
"../../../../../Unreal_Projects/Legend-of-the-Tower-V2/Content/Player/TDPlayerCameraPawn.uasset" 246
"../../../../../Unreal_Projects/Legend-of-the-Tower-V2/Content/StarterContent/Architecture/Pillar_50x500.uasset" 247
"../../../../../Unreal_Projects/Legend-of-the-Tower-V2/Content/StarterContent/Architecture/Wall_400x300.uasset" 248
"../../../../../Unreal_Projects/Legend-of-the-Tower-V2/Content/StarterContent/Architecture/Wall_400x400.uasset" 249
"../../../../../Unreal_Projects/Legend-of-the-Tower-V2/Content/StarterContent/Architecture/Wall_500x500.uasset" 250
"../../../../../Unreal_Projects/Legend-of-the-Tower-V2/Content/StarterContent/Architecture/Wall_Door_400x400.uasset" 251
"../../../../../Unreal_Projects/Legend-of-the-Tower-V2/Content/StarterContent/Architecture/Wall_Window_400x400.uasset" 252
"../../../../../Unreal_Projects/Legend-of-the-Tower-V2/Content/StarterContent/Audio/Collapse01.uasset" 253
"../../../../../Unreal_Projects/Legend-of-the-Tower-V2/Content/StarterContent/Audio/Collapse02.uasset" 254
"../../../../../Unreal_Projects/Legend-of-the-Tower-V2/Content/StarterContent/Audio/Explosion01.uasset" 255
"../../../../../Unreal_Projects/Legend-of-the-Tower-V2/Content/StarterContent/Audio/Explosion02.uasset" 256
"../../../../../Unreal_Projects/Legend-of-the-Tower-V2/Content/StarterContent/Audio/Fire01.uasset" 257
"../../../../../Unreal_Projects/Legend-of-the-Tower-V2/Content/StarterContent/Audio/Fire_Sparks01.uasset" 258
"../../../../../Unreal_Projects/Legend-of-the-Tower-V2/Content/StarterContent/Audio/Light01.uasset" 259
"../../../../../Unreal_Projects/Legend-of-the-Tower-V2/Content/StarterContent/Audio/Light01_Cue.uasset" 260
"../../../../../Unreal_Projects/Legend-of-the-Tower-V2/Content/StarterContent/Audio/Light02.uasset" 261
"../../../../../Unreal_Projects/Legend-of-the-Tower-V2/Content/StarterContent/Audio/Light02_Cue.uasset" 262
"../../../../../Unreal_Projects/Legend-of-the-Tower-V2/Content/StarterContent/Audio/Smoke01.uasset" 263
"../../../../../Unreal_Projects/Legend-of-the-Tower-V2/Content/StarterContent/Audio/Starter_Birds01.uasset" 264
"../../../../../Unreal_Projects/Legend-of-the-Tower-V2/Content/StarterContent/Audio/Starter_Music01.uasset" 265
"../../../../../Unreal_Projects/Legend-of-the-Tower-V2/Content/StarterContent/Audio/Starter_Wind05.uasset" 266
"../../../../../Unreal_Projects/Legend-of-the-Tower-V2/Content/StarterContent/Audio/Starter_Wind06.uasset" 267
"../../../../../Unreal_Projects/Legend-of-the-Tower-V2/Content/StarterContent/Audio/Steam01.uasset" 268
"../../../../../Unreal_Projects/Legend-of-the-Tower-V2/Content/StarterContent/Audio/Explosion_Cue.uasset" 269
"../../../../../Unreal_Projects/Legend-of-the-Tower-V2/Content/StarterContent/Blueprints/Blueprint_Effect_Explosion.uasset" 270
"../../../Engine/Content/EditorMeshes/ColorCalibrator/T_ColorGrid.uasset" 271
"../../../../../Unreal_Projects/Legend-of-the-Tower-V2/Content/StarterContent/Materials/M_ColorGrid_LowSpec.uasset" 272
"../../../../../Unreal_Projects/Legend-of-the-Tower-V2/Content/StarterContent/Textures/T_Bush_D.uasset" 273
"../../../../../Unreal_Projects/Legend-of-the-Tower-V2/Content/StarterContent/Textures/T_Bush_N.uasset" 274
"../../../../../Unreal_Projects/Legend-of-the-Tower-V2/Content/StarterContent/Props/Materials/M_Bush.uasset" 275
"../../../../../Unreal_Projects/Legend-of-the-Tower-V2/Content/StarterContent/Props/SM_Bush.uasset" 276
"../../../../../Unreal_Projects/Legend-of-the-Tower-V2/Content/StarterContent/Textures/T_Chair_M.uasset" 277
"../../../../../Unreal_Projects/Legend-of-the-Tower-V2/Content/StarterContent/Textures/T_Chair_N.uasset" 278
"../../../../../Unreal_Projects/Legend-of-the-Tower-V2/Content/StarterContent/Props/Materials/M_Chair.uasset" 279
"../../../../../Unreal_Projects/Legend-of-the-Tower-V2/Content/StarterContent/Props/SM_Couch.uasset" 280
"../../../../../Unreal_Projects/Legend-of-the-Tower-V2/Content/StarterContent/Materials/M_Glass.uasset" 281
"../../../../../Unreal_Projects/Legend-of-the-Tower-V2/Content/StarterContent/Textures/T_Door_M.uasset" 282
"../../../../../Unreal_Projects/Legend-of-the-Tower-V2/Content/StarterContent/Textures/T_Door_N.uasset" 283
"../../../../../Unreal_Projects/Legend-of-the-Tower-V2/Content/StarterContent/Props/Materials/M_Door.uasset" 284
"../../../../../Unreal_Projects/Legend-of-the-Tower-V2/Content/StarterContent/Props/SM_Door.uasset" 285
"../../../../../Unreal_Projects/Legend-of-the-Tower-V2/Content/StarterContent/Props/Materials/M_MaterialSphere.uasset" 286
"../../../../../Unreal_Projects/Legend-of-the-Tower-V2/Content/StarterContent/Props/Materials/M_MaterialSphere_Plain.uasset" 287
"../../../../../Unreal_Projects/Legend-of-the-Tower-V2/Content/StarterContent/Props/SM_MatPreviewMesh_02.uasset" 288
"../../../Engine/Content/Functions/Engine_MaterialFunctions02/Utility/BlendAngleCorrectedNormals.uasset" 289
"../../../../../Unreal_Projects/Legend-of-the-Tower-V2/Content/StarterContent/Textures/T_Detail_Rocky_N.uasset" 290
"../../../../../Unreal_Projects/Legend-of-the-Tower-V2/Content/StarterContent/Textures/T_Rock_Basalt_D.uasset" 291
"../../../../../Unreal_Projects/Legend-of-the-Tower-V2/Content/StarterContent/Textures/T_RockMesh_M.uasset" 292
"../../../../../Unreal_Projects/Legend-of-the-Tower-V2/Content/StarterContent/Textures/T_RockMesh_N.uasset" 293
"../../../../../Unreal_Projects/Legend-of-the-Tower-V2/Content/StarterContent/Props/Materials/M_Rock.uasset" 294
"../../../../../Unreal_Projects/Legend-of-the-Tower-V2/Content/StarterContent/Props/SM_Rock.uasset" 295
"../../../../../Unreal_Projects/Legend-of-the-Tower-V2/Content/StarterContent/Textures/T_Shelf_M.uasset" 296
"../../../../../Unreal_Projects/Legend-of-the-Tower-V2/Content/StarterContent/Textures/T_Shelf_N.uasset" 297
"../../../../../Unreal_Projects/Legend-of-the-Tower-V2/Content/StarterContent/Props/Materials/M_Shelf.uasset" 298
"../../../../../Unreal_Projects/Legend-of-the-Tower-V2/Content/StarterContent/Props/SM_Shelf.uasset" 299
"../../../../../Unreal_Projects/Legend-of-the-Tower-V2/Content/StarterContent/Materials/M_Basic_Floor.uasset" 300
"../../../../../Unreal_Projects/Legend-of-the-Tower-V2/Content/StarterContent/Props/SM_Stairs.uasset" 301
"../../../../../Unreal_Projects/Legend-of-the-Tower-V2/Content/StarterContent/Shapes/Shape_Cone.uasset" 302
"../../../../../Unreal_Projects/Legend-of-the-Tower-V2/Content/StarterContent/Shapes/Shape_Cylinder.uasset" 303
"../../../../../Unreal_Projects/Legend-of-the-Tower-V2/Content/StarterContent/Shapes/Shape_NarrowCapsule.uasset" 304
"../../../../../Unreal_Projects/Legend-of-the-Tower-V2/Content/StarterContent/Shapes/Shape_Pipe.uasset" 305
"../../../../../Unreal_Projects/Legend-of-the-Tower-V2/Content/StarterContent/Shapes/Shape_Pipe_180.uasset" 306
"../../../../../Unreal_Projects/Legend-of-the-Tower-V2/Content/StarterContent/Shapes/Shape_Pipe_90.uasset" 307
"../../../../../Unreal_Projects/Legend-of-the-Tower-V2/Content/StarterContent/Shapes/Shape_Torus.uasset" 308
"../../../../../Unreal_Projects/Legend-of-the-Tower-V2/Content/StarterContent/Shapes/Shape_Trim.uasset" 309
"../../../../../Unreal_Projects/Legend-of-the-Tower-V2/Content/StarterContent/Shapes/Shape_Trim_90_In.uasset" 310
"../../../../../Unreal_Projects/Legend-of-the-Tower-V2/Content/StarterContent/Shapes/Shape_Trim_90_Out.uasset" 311
"../../../../../Unreal_Projects/Legend-of-the-Tower-V2/Content/StarterContent/Shapes/Shape_TriPyramid.uasset" 312
"../../../../../Unreal_Projects/Legend-of-the-Tower-V2/Content/StarterContent/Shapes/Shape_Tube.uasset" 313
"../../../../../Unreal_Projects/Legend-of-the-Tower-V2/Content/StarterContent/Shapes/Shape_Wedge_A.uasset" 314
"../../../../../Unreal_Projects/Legend-of-the-Tower-V2/Content/StarterContent/Shapes/Shape_Wedge_B.uasset" 315
"../../../../../Unreal_Projects/Legend-of-the-Tower-V2/Content/StarterContent/Shapes/Shape_WideCapsule.uasset" 316
"../../../../../Unreal_Projects/Legend-of-the-Tower-V2/Content/StarterContent/Textures/T_Brick_Clay_New_D.uasset" 317
"../../../../../Unreal_Projects/Legend-of-the-Tower-V2/Content/StarterContent/Textures/T_Brick_Clay_New_N.uasset" 318
"../../../../../Unreal_Projects/Legend-of-the-Tower-V2/Content/StarterContent/Textures/T_Brick_Clay_New_Mat.uasset" 319
"../../../../../Unreal_Projects/Legend-of-the-Tower-V2/Content/TopDownBP/TopDownOverview.uasset" 320
"../../../../../Unreal_Projects/Legend-of-the-Tower-V2/Content/Mannequin/Animations/ThirdPerson_Jump.uasset" 321
"../../../../../Unreal_Projects/Legend-of-the-Tower-V2/Content/Mannequin/Animations/ThirdPersonJump_Loop.uasset" 322
"../../../../../Unreal_Projects/Legend-of-the-Tower-V2/Content/Mannequin/Animations/ThirdPersonJump_Start.uasset" 323
"../../../../../Unreal_Projects/Legend-of-the-Tower-V2/Content/Mannequin/Animations/ThirdPersonIdle.uasset" 324
"../../../../../Unreal_Projects/Legend-of-the-Tower-V2/Content/Mannequin/Animations/ThirdPersonRun.uasset" 325
"../../../../../Unreal_Projects/Legend-of-the-Tower-V2/Content/Mannequin/Animations/ThirdPersonWalk.uasset" 326
"../../../../../Unreal_Projects/Legend-of-the-Tower-V2/Content/Mannequin/Animations/ThirdPerson_IdleRun_2D.uasset" 327
"../../../../../Unreal_Projects/Legend-of-the-Tower-V2/Content/Mannequin/Animations/ThirdPerson_AnimBP.uasset" 328
"../../../Engine/Content/Functions/Engine_MaterialFunctions01/Density/ExponentialDensity.uasset" 329
"../../../Engine/Content/Functions/Engine_MaterialFunctions01/Gradient/RadialGradientExponential.uasset" 330
"../../../../../Unreal_Projects/Legend-of-the-Tower-V2/Content/TopDownBP/Blueprints/M_Cursor_Decal.uasset" 331
"../../../Engine/Content/Functions/MaterialLayerFunctions/MatLayerBlend_NormalBlend.uasset" 332
"../../../Engine/Content/Functions/MaterialLayerFunctions/MatLayerBlend_Simple.uasset" 333
"../../../../../Unreal_Projects/Legend-of-the-Tower-V2/Content/Mannequin/Character/Materials/MaterialLayers/T_ML_Rubber_Blue_01_D.uasset" 334
"../../../../../Unreal_Projects/Legend-of-the-Tower-V2/Content/Mannequin/Character/Materials/MaterialLayers/T_ML_Rubber_Blue_01_N.uasset" 335
"../../../../../Unreal_Projects/Legend-of-the-Tower-V2/Content/Mannequin/Character/Materials/MaterialLayers/ML_GlossyBlack_Latex_UE4.uasset" 336
"../../../../../Unreal_Projects/Legend-of-the-Tower-V2/Content/Mannequin/Character/Materials/MaterialLayers/ML_Plastic_Shiny_Beige.uasset" 337
"../../../../../Unreal_Projects/Legend-of-the-Tower-V2/Content/Mannequin/Character/Textures/UE4_LOGO_CARD.uasset" 338
"../../../../../Unreal_Projects/Legend-of-the-Tower-V2/Content/Mannequin/Character/Materials/MaterialLayers/ML_Plastic_Shiny_Beige_LOGO.uasset" 339
"../../../../../Unreal_Projects/Legend-of-the-Tower-V2/Content/Mannequin/Character/Materials/MaterialLayers/T_ML_Aluminum01.uasset" 340
"../../../../../Unreal_Projects/Legend-of-the-Tower-V2/Content/Mannequin/Character/Materials/MaterialLayers/T_ML_Aluminum01_N.uasset" 341
"../../../../../Unreal_Projects/Legend-of-the-Tower-V2/Content/Mannequin/Character/Materials/MaterialLayers/ML_SoftMetal_UE4.uasset" 342
"../../../../../Unreal_Projects/Legend-of-the-Tower-V2/Content/Mannequin/Character/Textures/UE4_Mannequin__normals.uasset" 343
"../../../../../Unreal_Projects/Legend-of-the-Tower-V2/Content/Mannequin/Character/Textures/UE4_Mannequin_MAT_MASKA.uasset" 344
"../../../../../Unreal_Projects/Legend-of-the-Tower-V2/Content/Mannequin/Character/Materials/M_UE4Man_Body.uasset" 345
"../../../../../Unreal_Projects/Legend-of-the-Tower-V2/Content/Mannequin/Character/Textures/UE4Man_Logo_N.uasset" 346
"../../../../../Unreal_Projects/Legend-of-the-Tower-V2/Content/Mannequin/Character/Materials/M_UE4Man_ChestLogo.uasset" 347
"../../../../../Unreal_Projects/Legend-of-the-Tower-V2/Content/Mannequin/Character/Mesh/SK_Mannequin_PhysicsAsset.uasset" 348
"../../../../../Unreal_Projects/Legend-of-the-Tower-V2/Content/Mannequin/Character/Mesh/SK_Mannequin.uasset" 349
"../../../../../Unreal_Projects/Legend-of-the-Tower-V2/Content/TopDownBP/Blueprints/TopDownCharacter.uasset" 350
"../../../../../Unreal_Projects/Legend-of-the-Tower-V2/Content/TopDownBP/Blueprints/TopDownController.uasset" 351
"../../../../../Unreal_Projects/Legend-of-the-Tower-V2/Content/TopDownBP/Blueprints/TopDownGameMode.uasset" 352
"../../../../../Unreal_Projects/Legend-of-the-Tower-V2/Content/Tower/TowerStruct.uasset" 353
"../../../../../Unreal_Projects/Legend-of-the-Tower-V2/Content/Tower/TowerMeshFolder/Arrow.uasset" 354
"../../../../../Unreal_Projects/Legend-of-the-Tower-V2/Content/Tower/TowerMeshFolder/Canonv1.uasset" 355
"../../../../../Unreal_Projects/Legend-of-the-Tower-V2/Content/Tower/TowerMeshFolder/defaultMat.uasset" 356
"../../../../../Unreal_Projects/Legend-of-the-Tower-V2/Content/Tower/TowerMeshFolder/Material_001.uasset" 357
"../../../../../Unreal_Projects/Legend-of-the-Tower-V2/Content/Tower/TowerMeshFolder/Material_002.uasset" 358
"../../../../../Unreal_Projects/Legend-of-the-Tower-V2/Content/Tower/TowerMeshFolder/SPOILER_TowerlvlnProto__1_.uasset" 359
"../../../../../Unreal_Projects/Legend-of-the-Tower-V2/Content/Tower/TowerMeshFolder/Tower_v2.uasset" 360
"../../../Engine/Content/Animation/DefaultAnimCurveCompressionSettings.uasset" 361
"../../../Engine/Content/ArtTools/RenderToTexture/Meshes/S_1_Unit_Plane.uasset" 362
"../../../Engine/Content/EngineMaterials/DefaultMaterial.uasset" 363
"../../../Engine/Content/BasicShapes/Cone.uasset" 364
"../../../Engine/Content/BasicShapes/Cube.uasset" 365
"../../../Engine/Content/BasicShapes/Cylinder.uasset" 366
"../../../Engine/Content/BasicShapes/Sphere.uasset" 367
"../../../Engine/Content/EditorLandscapeResources/DataLayer.uasset" 368
"../../../Engine/Content/EditorMaterials/MAT_Groups_Toggle.uasset" 369
"../../../Engine/Content/EditorMaterials/MAT_Groups_Visibility.uasset" 370
"../../../Engine/Content/EditorMaterials/PreviewShadowIndicator.uasset" 371
"../../../Engine/Content/EditorMaterials/PreviewShadowIndicatorMaterial.uasset" 372
"../../../Engine/Content/EditorMaterials/MatineeGroups/MAT_ColorTrack.uasset" 373
"../../../Engine/Content/EditorMaterials/MatineeGroups/MAT_Groups_Anim.uasset" 374
"../../../Engine/Content/EditorMaterials/MatineeGroups/MAT_Groups_AudioMaster.uasset" 375
"../../../Engine/Content/EditorMaterials/MatineeGroups/MAT_Groups_Director.uasset" 376
"../../../Engine/Content/EditorMaterials/MatineeGroups/MAT_Groups_Event.uasset" 377
"../../../Engine/Content/EditorMaterials/MatineeGroups/MAT_Groups_Fade.uasset" 378
"../../../Engine/Content/EditorMaterials/MatineeGroups/MAT_Groups_Float.uasset" 379
"../../../Engine/Content/EditorMaterials/MatineeGroups/MAT_Groups_Move.uasset" 380
"../../../Engine/Content/EditorMaterials/MatineeGroups/MAT_Groups_Slomo.uasset" 381
"../../../Engine/Content/EditorMaterials/MatineeGroups/MAT_Groups_Sound.uasset" 382
"../../../Engine/Content/EditorMaterials/MatineeGroups/MAT_Groups_Vector.uasset" 383
"../../../Engine/Content/EditorMaterials/ParticleSystems/PSysThumbnail_NoImage.uasset" 384
"../../../Engine/Content/EditorMaterials/ParticleSystems/PSysThumbnail_OOD.uasset" 385
"../../../Engine/Content/EditorMaterials/Camera/CineMat.uasset" 386
"../../../Engine/Content/EditorMaterials/Camera/MI_CineMat_Rig.uasset" 387
"../../../Engine/Content/EditorMeshes/Camera/SM_CraneRig_Arm.uasset" 388
"../../../Engine/Content/EditorMeshes/Camera/SM_CraneRig_Base.uasset" 389
"../../../Engine/Content/EditorMeshes/Camera/SM_CraneRig_Body.uasset" 390
"../../../Engine/Content/EditorMeshes/Camera/SM_CraneRig_Mount.uasset" 391
"../../../Engine/Content/EditorMeshes/Camera/SM_RailRig_Mount.uasset" 392
"../../../Engine/Content/EditorMeshes/Camera/SM_RailRig_Track.uasset" 393
"../../../Engine/Content/EditorResources/BSPVertex.uasset" 394
"../../../Engine/Content/EditorResources/EmptyActor.uasset" 395
"../../../Engine/Content/EditorResources/S_Actor.uasset" 396
"../../../Engine/Content/EditorResources/S_Note.uasset" 397
"../../../Engine/Content/EditorResources/S_Solver.uasset" 398
"../../../Engine/Content/EditorResources/S_Trigger.uasset" 399
"../../../Engine/Content/EditorResources/AudioIcons/S_AudioComponent.uasset" 400
"../../../Engine/Content/EditorResources/AudioIcons/S_AudioComponent_AutoActivate.uasset" 401
"../../../Engine/Content/EditorResources/LightIcons/S_LightError.uasset" 402
"../../../Engine/Content/EditorResources/SequenceRecorder/Countdown.uasset" 403
"../../../Engine/Content/EditorResources/SequenceRecorder/RecordingIndicator.uasset" 404
"../../../Engine/Content/EditorSounds/Notifications/CompileFailed.uasset" 405
"../../../Engine/Content/EditorSounds/Notifications/CompileFailed_Cue.uasset" 406
"../../../Engine/Content/EditorSounds/Notifications/CompileSuccess.uasset" 407
"../../../Engine/Content/EditorSounds/Notifications/CompileStart_Cue.uasset" 408
"../../../Engine/Content/EditorSounds/Notifications/CompileSuccess_Cue.uasset" 409
"../../../Engine/Content/EngineDamageTypes/DmgTypeBP_Environmental.uasset" 410
"../../../Engine/Content/EngineDebugMaterials/DebugEditorMaterial.uasset" 411
"../../../Engine/Content/EngineDebugMaterials/DebugMeshMaterial.uasset" 412
"../../../Engine/Content/EngineDebugMaterials/M_SimpleTranslucent.uasset" 413
"../../../Engine/Content/Functions/Engine_MaterialFunctions02/Utility/CameraDirectionVector.uasset" 414
"../../../Engine/Content/EngineDebugMaterials/VolumeToRender.uasset" 415
"../../../Engine/Content/EngineDebugMaterials/M_VolumeRenderSphereTracePP.uasset" 416
"../../../Engine/Content/EngineDebugMaterials/WireframeMaterial.uasset" 417
"../../../Engine/Content/EngineFonts/Faces/DroidSansFallback.uasset" 418
"../../../Engine/Content/EngineFonts/Faces/RobotoBold.uasset" 419
"../../../Engine/Content/EngineFonts/Faces/RobotoBoldItalic.uasset" 420
"../../../Engine/Content/EngineFonts/Faces/RobotoItalic.uasset" 421
"../../../Engine/Content/EngineFonts/Faces/RobotoLight.uasset" 422
"../../../Engine/Content/EngineFonts/Faces/RobotoRegular.uasset" 423
"../../../Engine/Content/EngineFonts/Roboto.uasset" 424
"../../../Engine/Content/EngineMaterials/BaseFlattenDiffuseMap.uasset" 425
"../../../Engine/Content/EngineMaterials/BaseFlattenEmissiveMap.uasset" 426
"../../../Engine/Content/EngineMaterials/BaseFlattenGrayscaleMap.uasset" 427
"../../../Engine/Content/EngineMaterials/BaseFlattenNormalMap.uasset" 428
"../../../Engine/Content/EngineMaterials/BaseFlattenMaterial.uasset" 429
"../../../Engine/Content/EngineMaterials/BlueNoise.uasset" 430
"../../../Engine/Content/EngineMaterials/DefaultBloomKernel.uasset" 431
"../../../Engine/Content/EngineMaterials/DefaultBokeh.uasset" 432
"../../../Engine/Content/EngineMaterials/DefaultDiffuse.uasset" 433
"../../../Engine/Content/EngineMaterials/DefaultDeferredDecalMaterial.uasset" 434
"../../../Engine/Content/EngineMaterials/DefaultLightFunctionMaterial.uasset" 435
"../../../Engine/Content/EngineMaterials/DefaultPhysicalMaterial.uasset" 436
"../../../Engine/Content/Functions/Engine_MaterialFunctions02/Utility/BreakOutFloat2Components.uasset" 437
"../../../Engine/Content/EngineMaterials/DefaultPostProcessMaterial.uasset" 438
"../../../Engine/Content/EngineFonts/RobotoDistanceField.uasset" 439
"../../../Engine/Content/EngineMaterials/DefaultTextMaterialOpaque.uasset" 440
"../../../Engine/Content/EngineMaterials/DefaultVirtualTextureMaterial.uasset" 441
"../../../Engine/Content/EngineMaterials/DefaultWhiteGrid.uasset" 442
"../../../Engine/Content/EngineMaterials/DefaultWhiteGrid_Low.uasset" 443
"../../../Engine/Content/EngineMaterials/EmissiveMeshMaterial.uasset" 444
"../../../Engine/Content/EngineMaterials/GizmoMaterial.uasset" 445
"../../../Engine/Content/EngineMaterials/Good64x64TilingNoiseHighFreq.uasset" 446
"../../../Engine/Content/EngineMaterials/HairDefaultMaterial.uasset" 447
"../../../Engine/Content/EngineMaterials/MiniFont.uasset" 448
"../../../Engine/Content/EngineMaterials/InvalidLightmapSettings.uasset" 449
"../../../Engine/Content/EngineMaterials/M_InvalidLightmapSettings.uasset" 450
"../../../Engine/Content/Functions/Engine_MaterialFunctions02/WorldPositionOffset/CameraOffset.uasset" 451
"../../../Engine/Content/EngineMaterials/PhAT_JointLimitMaterial.uasset" 452
"../../../Engine/Content/EngineMaterials/PreintegratedSkinBRDF.uasset" 453
"../../../Engine/Content/EngineMaterials/RemoveSurfaceMaterial.uasset" 454
"../../../Engine/Content/EngineMaterials/WeightMapPlaceholderTexture.uasset" 455
"../../../Engine/Content/EngineResources/WhiteSquareTexture.uasset" 456
"../../../Engine/Content/EngineMaterials/Widget3DPassThrough.uasset" 457
"../../../Engine/Content/EngineMaterials/Widget3DPassThrough_Masked.uasset" 458
"../../../Engine/Content/EngineMaterials/Widget3DPassThrough_Opaque.uasset" 459
"../../../Engine/Content/EngineMaterials/Widget3DPassThrough_Masked_OneSided.uasset" 460
"../../../Engine/Content/EngineMaterials/Widget3DPassThrough_Opaque_OneSided.uasset" 461
"../../../Engine/Content/EngineMaterials/Widget3DPassThrough_Translucent.uasset" 462
"../../../Engine/Content/EngineMaterials/Widget3DPassThrough_Translucent_OneSided.uasset" 463
"../../../Engine/Content/EngineMeshes/Cylinder.uasset" 464
"../../../Engine/Content/EngineMeshes/Sphere.uasset" 465
"../../../Engine/Content/EngineResources/Black.uasset" 466
"../../../Engine/Content/EngineResources/DefaultTexture.uasset" 467
"../../../Engine/Content/EngineResources/DefaultTextureCube.uasset" 468
"../../../Engine/Content/EngineResources/DefaultVolumeTexture2D.uasset" 469
"../../../Engine/Content/EngineResources/DefaultVolumeTexture.uasset" 470
"../../../Engine/Content/EngineResources/GradientTexture0.uasset" 471
"../../../Engine/Content/EngineSounds/Master.uasset" 472
"../../../Engine/Content/Functions/Engine_MaterialFunctions01/Shading/ConvertFromDiffSpec.uasset" 473
"../../../Engine/Content/Functions/Engine_MaterialFunctions01/Shading/PowerToRoughness.uasset" 474
"../../../Engine/Content/Maps/Templates/Thumbnails/Default.uasset" 475
"../../../Engine/Content/Maps/Templates/Thumbnails/TimeOfDay.uasset" 476
"../../../Engine/Content/Maps/Templates/Thumbnails/VR-Basic.uasset" 477
"../../../Engine/Content/MobileResources/T_MobileControls_texture.uasset" 478
"../../../Engine/Content/MobileResources/T_MobileMenu2.uasset" 479
"../../../Engine/Content/MobileResources/HUD/AnalogHat.uasset" 480
"../../../Engine/Content/MobileResources/HUD/VirtualJoystick_Background.uasset" 481
"../../../Engine/Content/MobileResources/HUD/VirtualJoystick_Thumb.uasset" 482
"../../../Engine/Content/MobileResources/HUD/DefaultVirtualJoysticks.uasset" 483
"../../../Engine/Content/MobileResources/HUD/LeftVirtualJoystickOnly.uasset" 484
"../../../Engine/Content/MobileResources/HUD/MobileHUDButton1_off.uasset" 485
"../../../Engine/Content/MobileResources/HUD/MobileHUDButton1_on.uasset" 486
"../../../Engine/Content/MobileResources/HUD/MobileHUDButton2_off.uasset" 487
"../../../Engine/Content/MobileResources/HUD/MobileHUDButton2_on.uasset" 488
"../../../Engine/Content/MobileResources/HUD/MobileHUDButton3.uasset" 489
"../../../Engine/Content/MobileResources/HUD/MobileHUDButtonFire.uasset" 490
"../../../Engine/Content/MobileResources/HUD/MobileHUDDirectionPad.uasset" 491
"../../../Engine/Content/MobileResources/HUD/MobileHUDDirectionPad2.uasset" 492
"../../../Engine/Content/MobileResources/HUD/MobileHUDDirectionPad3.uasset" 493
"../../../Engine/Content/MobileResources/HUD/MobileHUDDirectionStick.uasset" 494
"../../../Engine/Content/MobileResources/HUD/T_Castle_ThumbstickInner.uasset" 495
"../../../Engine/Content/MobileResources/HUD/T_Castle_ThumbstickOutter.uasset" 496
"../../../Engine/Content/Tutorial/ContentIntroCurve.uasset" 497
"../../../Engine/Content/Tutorial/Basics/LevelEditorAttract.uasset" 498
"../../../Engine/Content/Tutorial/Basics/TutorialAssets/icon_tab_Levels_40x.uasset" 499
"../../../Engine/Content/Tutorial/Basics/LevelEditorOverview.uasset" 500
"../../../Engine/Content/Tutorial/BlueprintTutorials/TutorialAssets/Blueprint_64x.uasset" 501
"../../../Engine/Content/Tutorial/BlueprintTutorials/BlueprintEditorTutorial.uasset" 502
"../../../Engine/Content/VREditor/LaserPointer/VR_LaserPower_01.uasset" 503
"../../../Engine/Content/VREditor/TransformGizmo/TransformGizmoMaterial.uasset" 504
"../../../Engine/Content/VREditor/TransformGizmo/TranslucentTransformGizmoMaterial.uasset" 505
"../../../Engine/Content/VREditor/TransformGizmo/BoundingBoxCorner.uasset" 506
"../../../Engine/Content/VREditor/TransformGizmo/BoundingBoxEdge.uasset" 507
"../../../Engine/Content/VREditor/TransformGizmo/PlaneTranslationHandle.uasset" 508
"../../../Engine/Content/VREditor/TransformGizmo/Main.uasset" 509
"../../../Engine/Content/VREditor/TransformGizmo/Xray.uasset" 510
"../../../Engine/Content/VREditor/TransformGizmo/SM_Sequencer_Key.uasset" 511
"../../../Engine/Content/VREditor/TransformGizmo/SM_Sequencer_Node.uasset" 512
"../../Plugins/2D/Paper2D/Content/PlaceholderTextures/DummySpriteTexture.uasset" 513
"../../Plugins/2D/Paper2D/Content/DummySprite.uasset" 514
"../../Plugins/2D/Paper2D/Content/DefaultPaperTerrainMaterial.uasset" 515
"../../Plugins/2D/Paper2D/Content/DummySpriteTexture.uasset" 516
"../../Plugins/2D/Paper2D/Content/DefaultSpriteMaterial.uasset" 517
"../../Plugins/2D/Paper2D/Content/MaskedUnlitSpriteMaterial.uasset" 518
"../../Plugins/2D/Paper2D/Content/OpaqueUnlitSpriteMaterial.uasset" 519
"../../../Engine/Content/Functions/Engine_MaterialFunctions02/Utility/BreakOutFloat4Components.uasset" 520
"../../../Engine/Content/Functions/Engine_MaterialFunctions02/Utility/MakeFloat2.uasset" 521
"../../../Engine/Content/Functions/Engine_MaterialFunctions02/Utility/MakeFloat3.uasset" 522
"../../Plugins/Runtime/Oculus/OculusVR/Content/Materials/OculusMR_ChromaKey.uasset" 523
"../../Plugins/Runtime/Oculus/OculusVR/Content/Materials/OculusMR_ChromaKey_Lit.uasset" 524
"../../Plugins/Runtime/Oculus/OculusVR/Content/Materials/OculusMR_OpaqueColoredMaterial.uasset" 525
"../../Plugins/Runtime/Oculus/OculusVR/Content/Materials/OculusMR_WhiteMaterial.uasset" 526
"../../../Engine/Content/EngineSky/C_Sky_Cloud_Color.uasset" 527
"../../../Engine/Content/EngineSky/C_Sky_Horizon_Color.uasset" 528
"../../../Engine/Content/EngineSky/C_Sky_Zenith_Color.uasset" 529
"../../../Engine/Content/EngineSky/T_Sky_Blue.uasset" 530
"../../../Engine/Content/EngineSky/T_Sky_Clouds_M.uasset" 531
"../../../Engine/Content/EngineSky/T_Sky_Stars.uasset" 532
"../../../Engine/Content/EngineSky/M_Sky_Panning_Clouds2.uasset" 533
"../../../Engine/Content/EngineSky/SM_SkySphere.uasset" 534
"../../../Engine/Content/EngineSky/BP_Sky_Sphere.uasset" 535
"../../../../../Unreal_Projects/Legend-of-the-Tower-V2/Content/Levels/Level2_BuiltData.uasset" 536
"../../../../../Unreal_Projects/Legend-of-the-Tower-V2/Content/StarterContent/Textures/T_ground_Moss_D.uasset" 537
"../../../../../Unreal_Projects/Legend-of-the-Tower-V2/Content/StarterContent/Textures/T_Ground_Moss_N.uasset" 538
"../../../../../Unreal_Projects/Legend-of-the-Tower-V2/Content/StarterContent/Textures/T_MacroVariation.uasset" 539
"../../../../../Unreal_Projects/Legend-of-the-Tower-V2/Content/StarterContent/Textures/T_Perlin_Noise_M.uasset" 540
"../../../../../Unreal_Projects/Legend-of-the-Tower-V2/Content/StarterContent/Materials/M_Ground_Moss.uasset" 541
"../../../../../Unreal_Projects/Legend-of-the-Tower-V2/Content/StarterContent/Textures/T_Water_M.uasset" 542
"../../../../../Unreal_Projects/Legend-of-the-Tower-V2/Content/StarterContent/Textures/T_Water_N.uasset" 543
"../../../../../Unreal_Projects/Legend-of-the-Tower-V2/Content/StarterContent/Materials/M_Water_Ocean.uasset" 544
"../../../Engine/Content/BasicShapes/Plane.uasset" 545
"../../../../../Unreal_Projects/Legend-of-the-Tower-V2/Content/Map_Assests/Foliage/TexturesSpecularGlossiness/T_Big_Rocks_AO.uasset" 546
"../../../../../Unreal_Projects/Legend-of-the-Tower-V2/Content/Map_Assests/Foliage/TexturesSpecularGlossiness/T_Big_Rocks_Normal.uasset" 547
"../../../../../Unreal_Projects/Legend-of-the-Tower-V2/Content/Map_Assests/Foliage/TexturesSpecularGlossiness/T_Big_Rocks_Specular.uasset" 548
"../../../../../Unreal_Projects/Legend-of-the-Tower-V2/Content/Map_Assests/Foliage/TexturesUnity/T_Big_Rocks_BaseColor.uasset" 549
"../../../../../Unreal_Projects/Legend-of-the-Tower-V2/Content/Map_Assests/Foliage/TexturesUnity/T_Big_Rocks_MetallicRoughness.uasset" 550
"../../../../../Unreal_Projects/Legend-of-the-Tower-V2/Content/Map_Assests/Foliage/FBX/Big_Rocks.uasset" 551
"../../../../../Unreal_Projects/Legend-of-the-Tower-V2/Content/Map_Assests/Foliage/FBX/SM_Big_Rock_01.uasset" 552
"../../../../../Unreal_Projects/Legend-of-the-Tower-V2/Content/Map_Assests/Foliage/FBX/SM_Big_Rock_02.uasset" 553
"../../../../../Unreal_Projects/Legend-of-the-Tower-V2/Content/Map_Assests/Foliage/FBX/SM_Big_Rock_03.uasset" 554
"../../../../../Unreal_Projects/Legend-of-the-Tower-V2/Content/Map_Assests/Foliage/TexturesSpecularGlossiness/T_Flat_Rocks_AO.uasset" 555
"../../../../../Unreal_Projects/Legend-of-the-Tower-V2/Content/Map_Assests/Foliage/TexturesSpecularGlossiness/T_Flat_Rocks_Glossiness.uasset" 556
"../../../../../Unreal_Projects/Legend-of-the-Tower-V2/Content/Map_Assests/Foliage/TexturesUnity/T_Flat_Rocks_BaseColor.uasset" 557
"../../../../../Unreal_Projects/Legend-of-the-Tower-V2/Content/Map_Assests/Foliage/TexturesUnity/T_Flat_Rocks_MetallicRoughness.uasset" 558
"../../../../../Unreal_Projects/Legend-of-the-Tower-V2/Content/Map_Assests/Foliage/FBX/Flat_Rocks.uasset" 559
"../../../../../Unreal_Projects/Legend-of-the-Tower-V2/Content/Map_Assests/Foliage/FBX/SM_Flat_Rock_01.uasset" 560
"../../../../../Unreal_Projects/Legend-of-the-Tower-V2/Content/Map_Assests/Foliage/FBX/SM_Flat_Rock_02.uasset" 561
"../../../../../Unreal_Projects/Legend-of-the-Tower-V2/Content/Map_Assests/Foliage/FBX/SM_Flat_Rock_03.uasset" 562
"../../../../../Unreal_Projects/Legend-of-the-Tower-V2/Content/Map_Assests/Foliage/FBX/SM_Flat_Rock_04.uasset" 563
"../../../../../Unreal_Projects/Legend-of-the-Tower-V2/Content/Map_Assests/Foliage/FBX/SM_Flat_Rock_05.uasset" 564
"../../../../../Unreal_Projects/Legend-of-the-Tower-V2/Content/Map_Assests/WoodBoard/UE4/Old_planks_BaseColor.uasset" 565
"../../../../../Unreal_Projects/Legend-of-the-Tower-V2/Content/Map_Assests/WoodBoard/UE4/Old_planks_Normal.uasset" 566
"../../../../../Unreal_Projects/Legend-of-the-Tower-V2/Content/Map_Assests/WoodBoard/UE4/Old_planks_OcclusionRoughnessMetallic.uasset" 567
"../../../../../Unreal_Projects/Legend-of-the-Tower-V2/Content/Map_Assests/WoodBoard/Old_planks1.uasset" 568
"../../../../../Unreal_Projects/Legend-of-the-Tower-V2/Content/Map_Assests/WoodBoard/Old_planks.uasset" 569
"../../../../../Unreal_Projects/Legend-of-the-Tower-V2/Content/Levels/Level2.umap" 570
"../../../../../Unreal_Projects/Legend-of-the-Tower-V2/Content/UI/W_MainMenu.uasset" 571
"../../../../../Unreal_Projects/Legend-of-the-Tower-V2/Content/Levels/Main_Menu.umap" 572
"../../../../../Unreal_Projects/Legend-of-the-Tower-V2/Content/StarterContent/Blueprints/Assets/FogBrightnessLUT.uasset" 573
"../../../../../Unreal_Projects/Legend-of-the-Tower-V2/Content/StarterContent/Blueprints/Assets/SunlightColorLUT.uasset" 574
"../../../../../Unreal_Projects/Legend-of-the-Tower-V2/Content/StarterContent/Blueprints/Assets/M_LightStage_Arrows.uasset" 575
"../../../Engine/Content/MapTemplates/Sky/DaylightAmbientCubemap.uasset" 576
"../../../../../Unreal_Projects/Legend-of-the-Tower-V2/Content/StarterContent/Blueprints/Assets/M_LightStage_Skybox_Master.uasset" 577
"../../../../../Unreal_Projects/Legend-of-the-Tower-V2/Content/StarterContent/Blueprints/Assets/M_LightStage_Skybox_Black.uasset" 578
"../../../../../Unreal_Projects/Legend-of-the-Tower-V2/Content/StarterContent/Blueprints/Assets/M_LightStage_Skybox_HDRI.uasset" 579
"../../../Engine/Content/EditorMaterials/Thumbnails/SkySphereMaterial.uasset" 580
"../../../../../Unreal_Projects/Legend-of-the-Tower-V2/Content/StarterContent/Blueprints/Assets/Skybox.uasset" 581
"../../../../../Unreal_Projects/Legend-of-the-Tower-V2/Content/StarterContent/Blueprints/Assets/SM_Arrows.uasset" 582
"../../../../../Unreal_Projects/Legend-of-the-Tower-V2/Content/StarterContent/HDRI/HDRI_Epic_Courtyard_Daylight.uasset" 583
"../../../../../Unreal_Projects/Legend-of-the-Tower-V2/Content/StarterContent/Blueprints/BP_LightStudio.uasset" 584
"../../../../../Unreal_Projects/Legend-of-the-Tower-V2/Content/StarterContent/Maps/Advanced_Lighting_BuiltData.uasset" 585
"../../../../../Unreal_Projects/Legend-of-the-Tower-V2/Content/StarterContent/Materials/M_AssetPlatform.uasset" 586
"../../../Engine/Content/EditorMeshes/ColorCalibrator/M_ChromeBall.uasset" 587
"../../../Engine/Content/EditorMeshes/ColorCalibrator/M_ClearCoat.uasset" 588
"../../../Engine/Content/EditorMeshes/ColorCalibrator/M_ClearCoatBlack.uasset" 589
"../../../Engine/Content/EditorMeshes/ColorCalibrator/Color_checker.uasset" 590
"../../../Engine/Content/EditorMeshes/ColorCalibrator/M_ColorGrid.uasset" 591
"../../../Engine/Content/EditorMeshes/ColorCalibrator/M_GreyBall.uasset" 592
"../../../Engine/Content/EditorMeshes/ColorCalibrator/SM_ColorCalibrator.uasset" 593
"../../../../../Unreal_Projects/Legend-of-the-Tower-V2/Content/StarterContent/Architecture/SM_AssetPlatform.uasset" 594
"../../../../../Unreal_Projects/Legend-of-the-Tower-V2/Content/StarterContent/Maps/Advanced_Lighting.umap" 595
"../../../../../Unreal_Projects/Legend-of-the-Tower-V2/Content/StarterContent/Maps/Minimal_Default_BuiltData.uasset" 596
"../../../../../Unreal_Projects/Legend-of-the-Tower-V2/Content/StarterContent/Materials/M_Metal_Brushed_Nickel.uasset" 597
"../../../../../Unreal_Projects/Legend-of-the-Tower-V2/Content/StarterContent/Textures/T_Metal_Aluminum_D.uasset" 598
"../../../../../Unreal_Projects/Legend-of-the-Tower-V2/Content/StarterContent/Textures/T_Metal_Gold_N.uasset" 599
"../../../../../Unreal_Projects/Legend-of-the-Tower-V2/Content/StarterContent/Materials/M_Metal_Burnished_Steel.uasset" 600
"../../../../../Unreal_Projects/Legend-of-the-Tower-V2/Content/StarterContent/Textures/T_Metal_Copper_D.uasset" 601
"../../../../../Unreal_Projects/Legend-of-the-Tower-V2/Content/StarterContent/Materials/M_Metal_Copper.uasset" 602
"../../../../../Unreal_Projects/Legend-of-the-Tower-V2/Content/StarterContent/Textures/T_Statue_M.uasset" 603
"../../../../../Unreal_Projects/Legend-of-the-Tower-V2/Content/StarterContent/Textures/T_Statue_N.uasset" 604
"../../../../../Unreal_Projects/Legend-of-the-Tower-V2/Content/StarterContent/Props/Materials/M_StatueGlass.uasset" 605
"../../../../../Unreal_Projects/Legend-of-the-Tower-V2/Content/StarterContent/Architecture/Floor_400x400.uasset" 606
"../../../../../Unreal_Projects/Legend-of-the-Tower-V2/Content/StarterContent/Audio/Starter_Background_Cue.uasset" 607
"../../../../../Unreal_Projects/Legend-of-the-Tower-V2/Content/StarterContent/Props/SM_Chair.uasset" 608
"../../../../../Unreal_Projects/Legend-of-the-Tower-V2/Content/StarterContent/Props/Materials/M_Statue.uasset" 609
"../../../../../Unreal_Projects/Legend-of-the-Tower-V2/Content/StarterContent/Props/SM_Statue.uasset" 610
"../../../../../Unreal_Projects/Legend-of-the-Tower-V2/Content/StarterContent/Textures/T_TableRound_M.uasset" 611
"../../../../../Unreal_Projects/Legend-of-the-Tower-V2/Content/StarterContent/Textures/T_TableRound_N.uasset" 612
"../../../../../Unreal_Projects/Legend-of-the-Tower-V2/Content/StarterContent/Props/Materials/M_TableRound.uasset" 613
"../../../../../Unreal_Projects/Legend-of-the-Tower-V2/Content/StarterContent/Props/SM_TableRound.uasset" 614
"../../../../../Unreal_Projects/Legend-of-the-Tower-V2/Content/StarterContent/Maps/Minimal_Default.umap" 615
"../../../../../Unreal_Projects/Legend-of-the-Tower-V2/Content/StarterContent/Audio/Fire01_Cue.uasset" 616
"../../../../../Unreal_Projects/Legend-of-the-Tower-V2/Content/StarterContent/Textures/T_Fire_SubUV.uasset" 617
"../../../../../Unreal_Projects/Legend-of-the-Tower-V2/Content/StarterContent/Textures/T_Fire_Tiled_D.uasset" 618
"../../../../../Unreal_Projects/Legend-of-the-Tower-V2/Content/StarterContent/Particles/Materials/M_Fire_SubUV.uasset" 619
"../../../../../Unreal_Projects/Legend-of-the-Tower-V2/Content/StarterContent/Particles/Materials/M_Heat_Distortion.uasset" 620
"../../../../../Unreal_Projects/Legend-of-the-Tower-V2/Content/StarterContent/Particles/P_Fire.uasset" 621
"../../../../../Unreal_Projects/Legend-of-the-Tower-V2/Content/StarterContent/Blueprints/Blueprint_Effect_Fire.uasset" 622
"../../../../../Unreal_Projects/Legend-of-the-Tower-V2/Content/StarterContent/Audio/Smoke01_Cue.uasset" 623
"../../../../../Unreal_Projects/Legend-of-the-Tower-V2/Content/StarterContent/Particles/P_Smoke.uasset" 624
"../../../../../Unreal_Projects/Legend-of-the-Tower-V2/Content/StarterContent/Blueprints/Blueprint_Effect_Smoke.uasset" 625
"../../../../../Unreal_Projects/Legend-of-the-Tower-V2/Content/StarterContent/Audio/Fire_Sparks01_Cue.uasset" 626
"../../../../../Unreal_Projects/Legend-of-the-Tower-V2/Content/StarterContent/Blueprints/Blueprint_Effect_Sparks.uasset" 627
"../../../../../Unreal_Projects/Legend-of-the-Tower-V2/Content/StarterContent/Audio/Steam01_Cue.uasset" 628
"../../../../../Unreal_Projects/Legend-of-the-Tower-V2/Content/StarterContent/Blueprints/Blueprint_Effect_Steam.uasset" 629
"../../../../../Unreal_Projects/Legend-of-the-Tower-V2/Content/StarterContent/Textures/T_Lamp_M.uasset" 630
"../../../../../Unreal_Projects/Legend-of-the-Tower-V2/Content/StarterContent/Textures/T_Lamp_N.uasset" 631
"../../../../../Unreal_Projects/Legend-of-the-Tower-V2/Content/StarterContent/Props/Materials/M_Lamp.uasset" 632
"../../../../../Unreal_Projects/Legend-of-the-Tower-V2/Content/StarterContent/Props/SM_Lamp_Ceiling.uasset" 633
"../../../../../Unreal_Projects/Legend-of-the-Tower-V2/Content/StarterContent/Blueprints/Blueprint_CeilingLight.uasset" 634
"../../../../../Unreal_Projects/Legend-of-the-Tower-V2/Content/StarterContent/Props/SM_Lamp_Wall.uasset" 635
"../../../../../Unreal_Projects/Legend-of-the-Tower-V2/Content/StarterContent/Blueprints/Blueprint_WallSconce.uasset" 636
"../../../../../Unreal_Projects/Legend-of-the-Tower-V2/Content/StarterContent/Maps/StarterMap_BuiltData.uasset" 637
"../../../Engine/Content/Functions/Engine_MaterialFunctions03/Procedurals/ComputeFilterWidth.uasset" 638
"../../../Engine/Content/EngineMaterials/AntiAliasedTextMaterialTranslucent.uasset" 639
"../../../../../Unreal_Projects/Legend-of-the-Tower-V2/Content/StarterContent/Textures/T_Brick_Clay_Beveled_D.uasset" 640
"../../../../../Unreal_Projects/Legend-of-the-Tower-V2/Content/StarterContent/Textures/T_Brick_Clay_Beveled_M.uasset" 641
"../../../../../Unreal_Projects/Legend-of-the-Tower-V2/Content/StarterContent/Textures/T_Brick_Clay_Beveled_N.uasset" 642
"../../../../../Unreal_Projects/Legend-of-the-Tower-V2/Content/StarterContent/Materials/M_Brick_Clay_Beveled.uasset" 643
"../../../../../Unreal_Projects/Legend-of-the-Tower-V2/Content/StarterContent/Textures/T_Brick_Clay_New_M.uasset" 644
"../../../../../Unreal_Projects/Legend-of-the-Tower-V2/Content/StarterContent/Materials/M_Brick_Clay_New.uasset" 645
"../../../../../Unreal_Projects/Legend-of-the-Tower-V2/Content/StarterContent/Textures/T_Brick_Clay_Old_D.uasset" 646
"../../../../../Unreal_Projects/Legend-of-the-Tower-V2/Content/StarterContent/Textures/T_Brick_Clay_Old_N.uasset" 647
"../../../../../Unreal_Projects/Legend-of-the-Tower-V2/Content/StarterContent/Materials/M_Brick_Clay_Old.uasset" 648
"../../../../../Unreal_Projects/Legend-of-the-Tower-V2/Content/StarterContent/Textures/T_Brick_Cut_Stone_D.uasset" 649
"../../../../../Unreal_Projects/Legend-of-the-Tower-V2/Content/StarterContent/Textures/T_Brick_Cut_Stone_N.uasset" 650
"../../../../../Unreal_Projects/Legend-of-the-Tower-V2/Content/StarterContent/Materials/M_Brick_Cut_Stone.uasset" 651
"../../../../../Unreal_Projects/Legend-of-the-Tower-V2/Content/StarterContent/Textures/T_Brick_Hewn_Stone_D.uasset" 652
"../../../../../Unreal_Projects/Legend-of-the-Tower-V2/Content/StarterContent/Textures/T_Brick_Hewn_Stone_M.uasset" 653
"../../../../../Unreal_Projects/Legend-of-the-Tower-V2/Content/StarterContent/Textures/T_Brick_Hewn_Stone_N.uasset" 654
"../../../../../Unreal_Projects/Legend-of-the-Tower-V2/Content/StarterContent/Materials/M_Brick_Hewn_Stone.uasset" 655
"../../../../../Unreal_Projects/Legend-of-the-Tower-V2/Content/StarterContent/Textures/T_Ceramic_Tile_M.uasset" 656
"../../../../../Unreal_Projects/Legend-of-the-Tower-V2/Content/StarterContent/Textures/T_Ceramic_Tile_N.uasset" 657
"../../../../../Unreal_Projects/Legend-of-the-Tower-V2/Content/StarterContent/Textures/T_Rock_Marble_Polished_D.uasset" 658
"../../../../../Unreal_Projects/Legend-of-the-Tower-V2/Content/StarterContent/Materials/M_Ceramic_Tile_Checker.uasset" 659
"../../../../../Unreal_Projects/Legend-of-the-Tower-V2/Content/StarterContent/Textures/T_CobbleStone_Pebble_D.uasset" 660
"../../../../../Unreal_Projects/Legend-of-the-Tower-V2/Content/StarterContent/Textures/T_CobbleStone_Pebble_M.uasset" 661
"../../../../../Unreal_Projects/Legend-of-the-Tower-V2/Content/StarterContent/Textures/T_CobbleStone_Pebble_N.uasset" 662
"../../../../../Unreal_Projects/Legend-of-the-Tower-V2/Content/StarterContent/Materials/M_CobbleStone_Pebble.uasset" 663
"../../../../../Unreal_Projects/Legend-of-the-Tower-V2/Content/StarterContent/Textures/T_CobbleStone_Rough_D.uasset" 664
"../../../../../Unreal_Projects/Legend-of-the-Tower-V2/Content/StarterContent/Textures/T_CobbleStone_Rough_N.uasset" 665
"../../../../../Unreal_Projects/Legend-of-the-Tower-V2/Content/StarterContent/Textures/T_Gradinet_01.uasset" 666
"../../../../../Unreal_Projects/Legend-of-the-Tower-V2/Content/StarterContent/Textures/T_Rock_Smooth_Granite_D.uasset" 667
"../../../../../Unreal_Projects/Legend-of-the-Tower-V2/Content/StarterContent/Materials/M_CobbleStone_Rough.uasset" 668
"../../../../../Unreal_Projects/Legend-of-the-Tower-V2/Content/StarterContent/Textures/T_CobbleStone_Smooth_D.uasset" 669
"../../../../../Unreal_Projects/Legend-of-the-Tower-V2/Content/StarterContent/Textures/T_CobbleStone_Smooth_M.uasset" 670
"../../../../../Unreal_Projects/Legend-of-the-Tower-V2/Content/StarterContent/Textures/T_CobbleStone_Smooth_N.uasset" 671
"../../../../../Unreal_Projects/Legend-of-the-Tower-V2/Content/StarterContent/Materials/M_CobbleStone_Smooth.uasset" 672
"../../../../../Unreal_Projects/Legend-of-the-Tower-V2/Content/StarterContent/Textures/T_Concrete_Grime_D.uasset" 673
"../../../../../Unreal_Projects/Legend-of-the-Tower-V2/Content/StarterContent/Textures/T_Metal_Rust_N.uasset" 674
"../../../../../Unreal_Projects/Legend-of-the-Tower-V2/Content/StarterContent/Materials/M_Concrete_Grime.uasset" 675
"../../../../../Unreal_Projects/Legend-of-the-Tower-V2/Content/StarterContent/Textures/T_Concrete_Panels_D.uasset" 676
"../../../../../Unreal_Projects/Legend-of-the-Tower-V2/Content/StarterContent/Textures/T_Concrete_Panels_N.uasset" 677
"../../../../../Unreal_Projects/Legend-of-the-Tower-V2/Content/StarterContent/Materials/M_Concrete_Panels.uasset" 678
"../../../../../Unreal_Projects/Legend-of-the-Tower-V2/Content/StarterContent/Textures/T_Concrete_Poured_D.uasset" 679
"../../../../../Unreal_Projects/Legend-of-the-Tower-V2/Content/StarterContent/Textures/T_Concrete_Poured_N.uasset" 680
"../../../../../Unreal_Projects/Legend-of-the-Tower-V2/Content/StarterContent/Materials/M_Concrete_Poured.uasset" 681
"../../../../../Unreal_Projects/Legend-of-the-Tower-V2/Content/StarterContent/Textures/T_Concrete_Tiles_D.uasset" 682
"../../../../../Unreal_Projects/Legend-of-the-Tower-V2/Content/StarterContent/Textures/T_Concrete_Tiles_M.uasset" 683
"../../../../../Unreal_Projects/Legend-of-the-Tower-V2/Content/StarterContent/Textures/T_Concrete_Tiles_N.uasset" 684
"../../../../../Unreal_Projects/Legend-of-the-Tower-V2/Content/StarterContent/Textures/T_Concrete_Tiles_Variation_M.uasset" 685
"../../../../../Unreal_Projects/Legend-of-the-Tower-V2/Content/StarterContent/Materials/M_Concrete_Tiles.uasset" 686
"../../../../../Unreal_Projects/Legend-of-the-Tower-V2/Content/StarterContent/Textures/T_Ground_Grass_D.uasset" 687
"../../../../../Unreal_Projects/Legend-of-the-Tower-V2/Content/StarterContent/Textures/T_Ground_Grass_N.uasset" 688
"../../../../../Unreal_Projects/Legend-of-the-Tower-V2/Content/StarterContent/Materials/M_Ground_Grass.uasset" 689
"../../../../../Unreal_Projects/Legend-of-the-Tower-V2/Content/StarterContent/Textures/T_Ground_Gravel_D.uasset" 690
"../../../../../Unreal_Projects/Legend-of-the-Tower-V2/Content/StarterContent/Textures/T_Ground_Gravel_N.uasset" 691
"../../../../../Unreal_Projects/Legend-of-the-Tower-V2/Content/StarterContent/Materials/M_Ground_Gravel.uasset" 692
"../../../../../Unreal_Projects/Legend-of-the-Tower-V2/Content/StarterContent/Materials/M_Metal_Chrome.uasset" 693
"../../../../../Unreal_Projects/Legend-of-the-Tower-V2/Content/StarterContent/Textures/T_Metal_Gold_D.uasset" 694
"../../../../../Unreal_Projects/Legend-of-the-Tower-V2/Content/StarterContent/Materials/M_Metal_Gold.uasset" 695
"../../../../../Unreal_Projects/Legend-of-the-Tower-V2/Content/StarterContent/Textures/T_Metal_Rust_D.uasset" 696
"../../../../../Unreal_Projects/Legend-of-the-Tower-V2/Content/StarterContent/Materials/M_Metal_Rust.uasset" 697
"../../../../../Unreal_Projects/Legend-of-the-Tower-V2/Content/StarterContent/Textures/T_Metal_Steel_D.uasset" 698
"../../../../../Unreal_Projects/Legend-of-the-Tower-V2/Content/StarterContent/Textures/T_Metal_Steel_N.uasset" 699
"../../../../../Unreal_Projects/Legend-of-the-Tower-V2/Content/StarterContent/Materials/M_Metal_Steel.uasset" 700
"../../../../../Unreal_Projects/Legend-of-the-Tower-V2/Content/StarterContent/Textures/T_Rock_Basalt_N.uasset" 701
"../../../../../Unreal_Projects/Legend-of-the-Tower-V2/Content/StarterContent/Materials/M_Rock_Basalt.uasset" 702
"../../../../../Unreal_Projects/Legend-of-the-Tower-V2/Content/StarterContent/Materials/M_Rock_Marble_Polished.uasset" 703
"../../../../../Unreal_Projects/Legend-of-the-Tower-V2/Content/StarterContent/Textures/T_Rock_Sandstone_D.uasset" 704
"../../../../../Unreal_Projects/Legend-of-the-Tower-V2/Content/StarterContent/Textures/T_Rock_Sandstone_N.uasset" 705
"../../../../../Unreal_Projects/Legend-of-the-Tower-V2/Content/StarterContent/Materials/M_Rock_Sandstone.uasset" 706
"../../../../../Unreal_Projects/Legend-of-the-Tower-V2/Content/StarterContent/Textures/T_Rock_Slate_D.uasset" 707
"../../../../../Unreal_Projects/Legend-of-the-Tower-V2/Content/StarterContent/Textures/T_Rock_Slate_N.uasset" 708
"../../../../../Unreal_Projects/Legend-of-the-Tower-V2/Content/StarterContent/Materials/M_Rock_Slate.uasset" 709
"../../../../../Unreal_Projects/Legend-of-the-Tower-V2/Content/StarterContent/Textures/T_Checker_Noise_M.uasset" 710
"../../../../../Unreal_Projects/Legend-of-the-Tower-V2/Content/StarterContent/Textures/T_Single_Tile_N.uasset" 711
"../../../../../Unreal_Projects/Legend-of-the-Tower-V2/Content/StarterContent/Textures/T_Tech_Dot_M.uasset" 712
"../../../../../Unreal_Projects/Legend-of-the-Tower-V2/Content/StarterContent/Textures/T_Tech_Dot_N.uasset" 713
"../../../../../Unreal_Projects/Legend-of-the-Tower-V2/Content/StarterContent/Materials/M_Tech_Checker_Dot.uasset" 714
"../../../../../Unreal_Projects/Legend-of-the-Tower-V2/Content/StarterContent/Textures/T_Tech_Hex_Tile_M.uasset" 715
"../../../../../Unreal_Projects/Legend-of-the-Tower-V2/Content/StarterContent/Textures/T_Tech_Hex_Tile_N.uasset" 716
"../../../../../Unreal_Projects/Legend-of-the-Tower-V2/Content/StarterContent/Materials/M_Tech_Hex_Tile.uasset" 717
"../../../../../Unreal_Projects/Legend-of-the-Tower-V2/Content/StarterContent/Materials/M_Tech_Hex_Tile_Pulse.uasset" 718
"../../../../../Unreal_Projects/Legend-of-the-Tower-V2/Content/StarterContent/Textures/T_Tech_Panel_M.uasset" 719
"../../../../../Unreal_Projects/Legend-of-the-Tower-V2/Content/StarterContent/Textures/T_Tech_Panel_N.uasset" 720
"../../../../../Unreal_Projects/Legend-of-the-Tower-V2/Content/StarterContent/Materials/M_Tech_Panel.uasset" 721
"../../../../../Unreal_Projects/Legend-of-the-Tower-V2/Content/StarterContent/Materials/M_Water_Lake.uasset" 722
"../../../../../Unreal_Projects/Legend-of-the-Tower-V2/Content/StarterContent/Textures/T_Wood_Floor_Walnut_D.uasset" 723
"../../../../../Unreal_Projects/Legend-of-the-Tower-V2/Content/StarterContent/Textures/T_Wood_Floor_Walnut_M.uasset" 724
"../../../../../Unreal_Projects/Legend-of-the-Tower-V2/Content/StarterContent/Textures/T_Wood_Floor_Walnut_N.uasset" 725
"../../../../../Unreal_Projects/Legend-of-the-Tower-V2/Content/StarterContent/Materials/M_Wood_Floor_Walnut_Polished.uasset" 726
"../../../Engine/Content/Functions/Engine_MaterialFunctions01/Opacity/AlphaOffset.uasset" 727
"../../../../../Unreal_Projects/Legend-of-the-Tower-V2/Content/StarterContent/Materials/M_Wood_Floor_Walnut_Worn.uasset" 728
"../../../../../Unreal_Projects/Legend-of-the-Tower-V2/Content/StarterContent/Textures/T_Wood_Oak_D.uasset" 729
"../../../../../Unreal_Projects/Legend-of-the-Tower-V2/Content/StarterContent/Textures/T_Wood_Oak_N.uasset" 730
"../../../../../Unreal_Projects/Legend-of-the-Tower-V2/Content/StarterContent/Materials/M_Wood_Oak.uasset" 731
"../../../../../Unreal_Projects/Legend-of-the-Tower-V2/Content/StarterContent/Textures/T_Wood_Pine_D.uasset" 732
"../../../../../Unreal_Projects/Legend-of-the-Tower-V2/Content/StarterContent/Textures/T_Wood_Pine_N.uasset" 733
"../../../../../Unreal_Projects/Legend-of-the-Tower-V2/Content/StarterContent/Materials/M_Wood_Pine.uasset" 734
"../../../../../Unreal_Projects/Legend-of-the-Tower-V2/Content/StarterContent/Textures/T_Wood_Walnut_D.uasset" 735
"../../../../../Unreal_Projects/Legend-of-the-Tower-V2/Content/StarterContent/Textures/T_Wood_Walnut_N.uasset" 736
"../../../../../Unreal_Projects/Legend-of-the-Tower-V2/Content/StarterContent/Materials/M_Wood_Walnut.uasset" 737
"../../../../../Unreal_Projects/Legend-of-the-Tower-V2/Content/StarterContent/Architecture/Wall_400x200.uasset" 738
"../../../../../Unreal_Projects/Legend-of-the-Tower-V2/Content/StarterContent/Architecture/Wall_Door_400x300.uasset" 739
"../../../../../Unreal_Projects/Legend-of-the-Tower-V2/Content/StarterContent/Architecture/Wall_Window_400x300.uasset" 740
"../../../../../Unreal_Projects/Legend-of-the-Tower-V2/Content/StarterContent/Audio/Collapse_Cue.uasset" 741
"../../../../../Unreal_Projects/Legend-of-the-Tower-V2/Content/StarterContent/Audio/Starter_Music_Cue.uasset" 742
"../../../../../Unreal_Projects/Legend-of-the-Tower-V2/Content/StarterContent/Textures/T_Dust_Particle_D.uasset" 743
"../../../../../Unreal_Projects/Legend-of-the-Tower-V2/Content/StarterContent/Particles/Materials/M_Dust_Particle.uasset" 744
"../../../../../Unreal_Projects/Legend-of-the-Tower-V2/Content/StarterContent/Particles/P_Ambient_Dust.uasset" 745
"../../../../../Unreal_Projects/Legend-of-the-Tower-V2/Content/StarterContent/Props/MaterialSphere.uasset" 746
"../../../../../Unreal_Projects/Legend-of-the-Tower-V2/Content/StarterContent/Textures/T_Frame_M.uasset" 747
"../../../../../Unreal_Projects/Legend-of-the-Tower-V2/Content/StarterContent/Textures/T_Frame_N.uasset" 748
"../../../../../Unreal_Projects/Legend-of-the-Tower-V2/Content/StarterContent/Props/Materials/M_Frame.uasset" 749
"../../../../../Unreal_Projects/Legend-of-the-Tower-V2/Content/StarterContent/Props/SM_CornerFrame.uasset" 750
"../../../../../Unreal_Projects/Legend-of-the-Tower-V2/Content/StarterContent/Props/SM_DoorFrame.uasset" 751
"../../../../../Unreal_Projects/Legend-of-the-Tower-V2/Content/StarterContent/Props/SM_GlassWindow.uasset" 752
"../../../../../Unreal_Projects/Legend-of-the-Tower-V2/Content/StarterContent/Props/SM_PillarFrame.uasset" 753
"../../../../../Unreal_Projects/Legend-of-the-Tower-V2/Content/StarterContent/Props/SM_PillarFrame300.uasset" 754
"../../../../../Unreal_Projects/Legend-of-the-Tower-V2/Content/StarterContent/Props/SM_WindowFrame.uasset" 755
"../../../../../Unreal_Projects/Legend-of-the-Tower-V2/Content/StarterContent/Shapes/Shape_QuadPyramid.uasset" 756
"../../../../../Unreal_Projects/Legend-of-the-Tower-V2/Content/StarterContent/Shapes/Shape_Sphere.uasset" 757
"../../../../../Unreal_Projects/Legend-of-the-Tower-V2/Content/StarterContent/Maps/StarterMap.umap" 758
"../../../../../Unreal_Projects/Legend-of-the-Tower-V2/Content/TopDownBP/Maps/TopDownExampleMap_BuiltData.uasset" 759
"../../../../../Unreal_Projects/Legend-of-the-Tower-V2/Content/Map_Assests/OldBridge/NORMALMAP.uasset" 760
"../../../../../Unreal_Projects/Legend-of-the-Tower-V2/Content/Map_Assests/OldBridge/TEXTURE.uasset" 761
"../../../../../Unreal_Projects/Legend-of-the-Tower-V2/Content/Map_Assests/OldBridge/Material.uasset" 762
"../../../../../Unreal_Projects/Legend-of-the-Tower-V2/Content/Map_Assests/OldBridge/Old_stone_bridgeFBX.uasset" 763
"../../../../../Unreal_Projects/Legend-of-the-Tower-V2/Content/StarterContent/Shapes/Shape_Plane.uasset" 764
"../../../../../Unreal_Projects/Legend-of-the-Tower-V2/Content/TopDownBP/Maps/TopDownExampleMap.umap" 765
"../../../Engine/Content/Maps/Entry_BuiltData.uasset" 766
"../../../Engine/Content/Maps/Entry.umap" 767
